2023-03-26 12:39:51,122 - INFO - Links from: https://www.allrecipes.com/recipes/23070/everyday-cooking/cookware-and-equipment/air-fryer/  retrieved
2023-03-26 12:39:51,729 - INFO - Links from: https://www.allrecipes.com/recipes/16492/everyday-cooking/special-collections/allrecipes-allstars/  retrieved
2023-03-26 12:39:52,795 - INFO - Scraped recipe number: 1

2023-03-26 12:39:53,441 - INFO - Scraped recipe number: 2

2023-03-26 12:39:54,089 - INFO - Scraped recipe number: 3

2023-03-26 12:39:54,752 - INFO - Scraped recipe number: 4

2023-03-26 12:39:55,386 - INFO - Scraped recipe number: 5

2023-03-26 12:39:55,990 - INFO - Scraped recipe number: 6

2023-03-26 12:39:56,633 - INFO - Scraped recipe number: 7

2023-03-26 12:39:57,243 - INFO - Scraped recipe number: 8

2023-03-26 12:39:57,929 - INFO - Scraped recipe number: 9

2023-03-26 12:39:58,524 - INFO - Scraped recipe number: 10

2023-03-26 12:39:59,201 - INFO - Scraped recipe number: 11

2023-03-26 12:39:59,798 - INFO - Scraped recipe number: 12

2023-03-26 12:40:00,450 - INFO - Scraped recipe number: 13

2023-03-26 12:40:01,081 - INFO - Scraped recipe number: 14

2023-03-26 12:40:01,749 - INFO - Scraped recipe number: 15

2023-03-26 12:40:02,353 - INFO - Scraped recipe number: 16

2023-03-26 12:40:03,025 - INFO - Scraped recipe number: 17

2023-03-26 12:40:03,652 - INFO - Scraped recipe number: 18

2023-03-26 12:40:04,300 - INFO - Scraped recipe number: 19

2023-03-26 12:40:04,960 - INFO - Scraped recipe number: 20

2023-03-26 12:40:05,632 - INFO - Scraped recipe number: 21

2023-03-26 12:40:06,241 - INFO - Scraped recipe number: 22

2023-03-26 12:40:06,944 - INFO - Scraped recipe number: 23

2023-03-26 12:40:07,562 - INFO - Scraped recipe number: 24

2023-03-26 12:40:08,260 - INFO - Scraped recipe number: 25

2023-03-26 12:40:08,886 - INFO - Scraped recipe number: 26

2023-03-26 12:40:09,593 - INFO - Scraped recipe number: 27

2023-03-26 12:40:10,217 - INFO - Scraped recipe number: 28

2023-03-26 12:40:10,875 - INFO - Scraped recipe number: 29

2023-03-26 12:40:11,536 - INFO - Scraped recipe number: 30

2023-03-26 12:40:12,261 - INFO - Scraped recipe number: 31

2023-03-26 12:40:12,887 - INFO - Scraped recipe number: 32

2023-03-26 12:40:14,053 - INFO - Scraped recipe number: 33

2023-03-26 12:40:14,707 - INFO - Scraped recipe number: 34

2023-03-26 12:40:15,367 - INFO - Scraped recipe number: 35

2023-03-26 12:40:16,012 - INFO - Scraped recipe number: 36

2023-03-26 12:40:16,678 - INFO - Scraped recipe number: 37

2023-03-26 12:40:17,360 - INFO - Scraped recipe number: 38

2023-03-26 12:40:17,972 - INFO - Scraped recipe number: 39

2023-03-26 12:40:18,645 - INFO - Scraped recipe number: 40

2023-03-26 12:40:19,262 - INFO - Scraped recipe number: 41

2023-03-26 12:40:19,912 - INFO - Scraped recipe number: 42

2023-03-26 12:40:20,572 - INFO - Scraped recipe number: 43

2023-03-26 12:40:21,231 - INFO - Scraped recipe number: 44

2023-03-26 12:40:21,858 - INFO - Scraped recipe number: 45

2023-03-26 12:40:22,518 - INFO - Scraped recipe number: 46

2023-03-26 12:40:23,125 - INFO - Scraped recipe number: 47

2023-03-26 12:40:24,444 - INFO - Scraped recipe number: 48

2023-03-26 12:40:25,052 - INFO - Scraped recipe number: 49

2023-03-26 12:40:25,725 - INFO - Scraped recipe number: 50

2023-03-26 12:40:26,397 - INFO - Scraped recipe number: 51

2023-03-26 12:40:27,090 - INFO - Scraped recipe number: 52

2023-03-26 12:40:27,711 - INFO - Scraped recipe number: 53

2023-03-26 12:40:28,382 - INFO - Scraped recipe number: 54

2023-03-26 12:40:28,998 - INFO - Scraped recipe number: 55

2023-03-26 12:40:30,711 - INFO - Scraped recipe number: 56

2023-03-26 12:40:31,312 - INFO - Scraped recipe number: 57

2023-03-26 12:40:31,955 - INFO - Scraped recipe number: 58

2023-03-26 12:40:32,641 - INFO - Scraped recipe number: 59

2023-03-26 12:40:33,314 - INFO - Scraped recipe number: 60

2023-03-26 12:40:33,935 - INFO - Scraped recipe number: 61

2023-03-26 12:40:34,636 - INFO - Scraped recipe number: 62

2023-03-26 12:40:35,277 - INFO - Scraped recipe number: 63

2023-03-26 12:40:35,959 - INFO - Scraped recipe number: 64

2023-03-26 12:40:36,581 - INFO - Scraped recipe number: 65

2023-03-26 12:40:37,234 - INFO - Scraped recipe number: 66

2023-03-26 12:40:37,838 - INFO - Scraped recipe number: 67

2023-03-26 12:40:38,480 - INFO - Scraped recipe number: 68

2023-03-26 12:40:39,091 - INFO - Scraped recipe number: 69

2023-03-26 12:40:39,753 - INFO - Scraped recipe number: 70

2023-03-26 12:40:40,357 - INFO - Scraped recipe number: 71

2023-03-26 12:40:41,007 - INFO - Scraped recipe number: 72

2023-03-26 12:40:41,654 - INFO - Scraped recipe number: 73

2023-03-26 12:40:43,675 - INFO - Scraped recipe number: 74

2023-03-26 12:40:44,326 - INFO - Scraped recipe number: 75

2023-03-26 12:40:45,387 - INFO - Scraped recipe number: 76

2023-03-26 12:40:46,058 - INFO - Scraped recipe number: 77

2023-03-26 12:40:46,663 - INFO - Scraped recipe number: 78

2023-03-26 12:40:47,308 - INFO - Scraped recipe number: 79

2023-03-26 12:40:47,928 - INFO - Scraped recipe number: 80

2023-03-26 12:40:48,614 - INFO - Scraped recipe number: 81

2023-03-26 12:40:49,220 - INFO - Scraped recipe number: 82

2023-03-26 12:40:49,868 - INFO - Scraped recipe number: 83

2023-03-26 12:40:50,521 - INFO - Scraped recipe number: 84

2023-03-26 12:40:51,177 - INFO - Scraped recipe number: 85

2023-03-26 12:40:51,842 - INFO - Scraped recipe number: 86

2023-03-26 12:40:52,498 - INFO - Scraped recipe number: 87

2023-03-26 12:40:53,125 - INFO - Scraped recipe number: 88

2023-03-26 12:40:53,775 - INFO - Scraped recipe number: 89

2023-03-26 12:40:54,390 - INFO - Scraped recipe number: 90

2023-03-26 12:40:55,069 - INFO - Scraped recipe number: 91

2023-03-26 12:40:55,712 - INFO - Scraped recipe number: 92

2023-03-26 12:40:56,368 - INFO - Scraped recipe number: 93

2023-03-26 12:40:56,982 - INFO - Scraped recipe number: 94

2023-03-26 12:40:57,673 - INFO - Scraped recipe number: 95

2023-03-26 12:40:58,310 - INFO - Scraped recipe number: 96

2023-03-26 12:40:59,021 - INFO - Scraped recipe number: 97

2023-03-26 12:40:59,635 - INFO - Scraped recipe number: 98

2023-03-26 12:41:00,473 - INFO - Scraped recipe number: 99

2023-03-26 12:41:01,073 - INFO - Scraped recipe number: 100

2023-03-26 12:41:01,717 - INFO - Scraped recipe number: 101

2023-03-26 12:41:02,328 - INFO - Scraped recipe number: 102

2023-03-26 12:41:02,977 - INFO - Scraped recipe number: 103

2023-03-26 12:41:03,616 - INFO - Scraped recipe number: 104

2023-03-26 12:41:04,225 - INFO - Scraped recipe number: 105

2023-03-26 12:41:04,873 - INFO - Scraped recipe number: 106

2023-03-26 12:41:05,496 - INFO - Scraped recipe number: 107

2023-03-26 12:41:06,147 - INFO - Scraped recipe number: 108

2023-03-26 12:41:06,775 - INFO - Scraped recipe number: 109

2023-03-26 12:41:07,422 - INFO - Scraped recipe number: 110

2023-03-26 12:41:08,075 - INFO - Scraped recipe number: 111

2023-03-26 12:41:08,759 - INFO - Scraped recipe number: 112

2023-03-26 12:41:09,414 - INFO - Scraped recipe number: 113

2023-03-26 12:41:10,125 - INFO - Scraped recipe number: 114

2023-03-26 12:41:10,792 - INFO - Scraped recipe number: 115

2023-03-26 12:41:11,445 - INFO - Scraped recipe number: 116

2023-03-26 12:41:12,067 - INFO - Scraped recipe number: 117

2023-03-26 12:41:12,765 - INFO - Scraped recipe number: 118

2023-03-26 12:41:13,389 - INFO - Scraped recipe number: 119

2023-03-26 12:41:14,044 - INFO - Scraped recipe number: 120

2023-03-26 12:41:14,680 - INFO - Scraped recipe number: 121

2023-03-26 12:41:15,358 - INFO - Scraped recipe number: 122

2023-03-29 19:47:47,508 - INFO - Links from: https://www.allrecipes.com/recipes/23070/everyday-cooking/cookware-and-equipment/air-fryer/  retrieved
2023-03-29 19:47:48,179 - INFO - Links from: https://www.allrecipes.com/recipes/16492/everyday-cooking/special-collections/allrecipes-allstars/  retrieved
2023-03-29 19:47:49,329 - INFO - Scraped recipe number: 1

2023-03-29 19:47:50,009 - INFO - Scraped recipe number: 2

2023-03-29 19:47:50,635 - INFO - Scraped recipe number: 3

2023-03-29 19:47:51,349 - INFO - Scraped recipe number: 4

2023-03-29 19:47:51,987 - INFO - Scraped recipe number: 5

2023-03-29 19:47:52,672 - INFO - Scraped recipe number: 6

2023-03-29 19:47:53,309 - INFO - Scraped recipe number: 7

2023-03-29 19:47:53,985 - INFO - Scraped recipe number: 8

2023-03-29 19:47:54,621 - INFO - Scraped recipe number: 9

2023-03-29 19:47:55,413 - INFO - Scraped recipe number: 10

2023-03-29 19:47:56,002 - INFO - Scraped recipe number: 11

2023-03-29 19:47:56,682 - INFO - Scraped recipe number: 12

2023-03-29 19:47:57,344 - INFO - Scraped recipe number: 13

2023-03-29 19:47:57,950 - INFO - Scraped recipe number: 14

2023-03-29 19:47:58,640 - INFO - Scraped recipe number: 15

2023-03-29 19:47:59,265 - INFO - Scraped recipe number: 16

2023-03-29 19:47:59,927 - INFO - Scraped recipe number: 17

2023-03-29 19:48:00,571 - INFO - Scraped recipe number: 18

2023-03-29 19:48:01,215 - INFO - Scraped recipe number: 19

2023-03-29 19:48:01,850 - INFO - Scraped recipe number: 20

2023-03-29 19:48:02,522 - INFO - Scraped recipe number: 21

2023-03-29 19:48:03,172 - INFO - Scraped recipe number: 22

2023-03-29 19:48:03,876 - INFO - Scraped recipe number: 23

2023-03-29 19:48:04,495 - INFO - Scraped recipe number: 24

2023-03-29 19:48:05,198 - INFO - Scraped recipe number: 25

2023-03-29 19:48:05,840 - INFO - Scraped recipe number: 26

2023-03-29 19:48:06,546 - INFO - Scraped recipe number: 27

2023-03-29 19:48:07,231 - INFO - Scraped recipe number: 28

2023-03-29 19:48:07,911 - INFO - Scraped recipe number: 29

2023-03-29 19:48:08,605 - INFO - Scraped recipe number: 30

2023-03-29 19:48:09,334 - INFO - Scraped recipe number: 31

2023-03-29 19:48:09,934 - INFO - Scraped recipe number: 32

2023-03-29 19:48:11,093 - INFO - Scraped recipe number: 33

2023-03-29 19:48:11,786 - INFO - Scraped recipe number: 34

2023-03-29 19:48:12,450 - INFO - Scraped recipe number: 35

2023-03-29 19:48:13,111 - INFO - Scraped recipe number: 36

2023-03-29 19:48:13,774 - INFO - Scraped recipe number: 37

2023-03-29 19:48:14,466 - INFO - Scraped recipe number: 38

2023-03-29 19:48:15,091 - INFO - Scraped recipe number: 39

2023-03-29 19:48:15,776 - INFO - Scraped recipe number: 40

2023-03-29 19:48:16,375 - INFO - Scraped recipe number: 41

2023-03-29 19:48:17,073 - INFO - Scraped recipe number: 42

2023-03-29 19:48:17,708 - INFO - Scraped recipe number: 43

2023-03-29 19:48:18,411 - INFO - Scraped recipe number: 44

2023-03-29 19:48:19,035 - INFO - Scraped recipe number: 45

2023-03-29 19:48:19,728 - INFO - Scraped recipe number: 46

2023-03-29 19:48:20,382 - INFO - Scraped recipe number: 47

2023-03-29 19:48:21,033 - INFO - Scraped recipe number: 48

2023-03-29 19:48:21,661 - INFO - Scraped recipe number: 49

2023-03-29 19:48:22,338 - INFO - Scraped recipe number: 50

2023-03-29 19:48:23,020 - INFO - Scraped recipe number: 51

2023-03-29 19:48:23,744 - INFO - Scraped recipe number: 52

2023-03-29 19:48:24,355 - INFO - Scraped recipe number: 53

2023-03-29 19:48:25,046 - INFO - Scraped recipe number: 54

2023-03-29 19:48:25,710 - INFO - Scraped recipe number: 55

2023-03-29 19:48:27,399 - INFO - Scraped recipe number: 56

2023-03-29 19:48:28,091 - INFO - Scraped recipe number: 57

2023-03-29 19:48:28,699 - INFO - Scraped recipe number: 58

2023-03-29 19:48:29,368 - INFO - Scraped recipe number: 59

2023-03-29 19:48:30,000 - INFO - Scraped recipe number: 60

2023-03-29 19:48:30,682 - INFO - Scraped recipe number: 61

2023-03-29 19:48:31,322 - INFO - Scraped recipe number: 62

2023-03-29 19:48:31,988 - INFO - Scraped recipe number: 63

2023-03-29 19:48:32,610 - INFO - Scraped recipe number: 64

2023-03-29 19:48:33,303 - INFO - Scraped recipe number: 65

2023-03-29 19:48:33,925 - INFO - Scraped recipe number: 66

2023-03-29 19:48:34,573 - INFO - Scraped recipe number: 67

2023-03-29 19:48:35,179 - INFO - Scraped recipe number: 68

2023-03-29 19:48:35,831 - INFO - Scraped recipe number: 69

2023-03-29 19:48:36,455 - INFO - Scraped recipe number: 70

2023-03-29 19:48:37,132 - INFO - Scraped recipe number: 71

2023-03-29 19:48:37,737 - INFO - Scraped recipe number: 72

2023-03-29 19:48:38,421 - INFO - Scraped recipe number: 73

2023-03-29 19:48:39,050 - INFO - Scraped recipe number: 74

2023-03-29 19:48:39,705 - INFO - Scraped recipe number: 75

2023-03-29 19:48:40,347 - INFO - Scraped recipe number: 76

2023-03-29 19:48:41,029 - INFO - Scraped recipe number: 77

2023-03-29 19:48:41,663 - INFO - Scraped recipe number: 78

2023-03-29 19:48:42,380 - INFO - Scraped recipe number: 79

2023-03-29 19:48:43,665 - INFO - Scraped recipe number: 80

2023-03-29 19:48:44,343 - INFO - Scraped recipe number: 81

2023-03-29 19:48:44,959 - INFO - Scraped recipe number: 82

2023-03-29 19:48:45,638 - INFO - Scraped recipe number: 83

2023-03-29 19:48:46,282 - INFO - Scraped recipe number: 84

2023-03-29 19:48:46,973 - INFO - Scraped recipe number: 85

2023-03-29 19:48:47,643 - INFO - Scraped recipe number: 86

2023-03-29 19:48:48,313 - INFO - Scraped recipe number: 87

2023-03-29 19:48:48,926 - INFO - Scraped recipe number: 88

2023-03-29 19:48:49,645 - INFO - Scraped recipe number: 89

2023-03-29 19:48:50,262 - INFO - Scraped recipe number: 90

2023-03-29 19:48:50,978 - INFO - Scraped recipe number: 91

2023-03-29 19:48:51,626 - INFO - Scraped recipe number: 92

2023-03-29 19:48:52,290 - INFO - Scraped recipe number: 93

2023-03-29 19:48:52,905 - INFO - Scraped recipe number: 94

2023-03-29 19:48:53,590 - INFO - Scraped recipe number: 95

2023-03-29 19:48:54,202 - INFO - Scraped recipe number: 96

2023-03-29 19:48:54,886 - INFO - Scraped recipe number: 97

2023-03-29 19:48:55,514 - INFO - Scraped recipe number: 98

2023-03-29 19:48:56,131 - INFO - Scraped recipe number: 99

2023-03-29 19:48:56,806 - INFO - Scraped recipe number: 100

2023-03-29 19:48:57,420 - INFO - Scraped recipe number: 101

2023-03-29 19:48:58,039 - INFO - Scraped recipe number: 102

2023-03-29 19:48:58,693 - INFO - Scraped recipe number: 103

2023-03-29 19:48:59,330 - INFO - Scraped recipe number: 104

2023-03-29 19:49:00,022 - INFO - Scraped recipe number: 105

2023-03-29 19:49:00,667 - INFO - Scraped recipe number: 106

2023-03-29 19:49:01,343 - INFO - Scraped recipe number: 107

2023-03-29 19:49:01,992 - INFO - Scraped recipe number: 108

2023-03-29 19:49:02,643 - INFO - Scraped recipe number: 109

2023-03-29 19:49:03,273 - INFO - Scraped recipe number: 110

2023-03-29 19:49:03,975 - INFO - Scraped recipe number: 111

2023-03-29 19:49:04,623 - INFO - Scraped recipe number: 112

2023-03-29 19:49:05,307 - INFO - Scraped recipe number: 113

2023-03-29 19:49:05,928 - INFO - Scraped recipe number: 114

2023-03-29 19:49:06,601 - INFO - Scraped recipe number: 115

2023-03-29 19:49:07,242 - INFO - Scraped recipe number: 116

2023-03-29 19:49:07,887 - INFO - Scraped recipe number: 117

2023-03-29 19:49:08,560 - INFO - Scraped recipe number: 118

2023-03-29 19:49:09,227 - INFO - Scraped recipe number: 119

2023-03-29 19:49:09,838 - INFO - Scraped recipe number: 120

2023-03-29 19:49:10,497 - INFO - Scraped recipe number: 121

2023-03-29 19:49:11,130 - INFO - Scraped recipe number: 122

2023-03-30 10:02:59,823 - INFO - Links from: https://www.allrecipes.com/recipes/23070/everyday-cooking/cookware-and-equipment/air-fryer/  retrieved
2023-03-30 10:03:00,345 - INFO - Links from: https://www.allrecipes.com/recipes/16492/everyday-cooking/special-collections/allrecipes-allstars/  retrieved
2023-03-30 10:03:01,224 - INFO - Scraped recipe number: 1

2023-03-30 10:03:01,717 - INFO - Scraped recipe number: 2

2023-03-30 10:03:02,194 - INFO - Scraped recipe number: 3

2023-03-30 10:03:02,701 - INFO - Scraped recipe number: 4

2023-03-30 10:03:03,194 - INFO - Scraped recipe number: 5

2023-03-30 10:03:03,680 - INFO - Scraped recipe number: 6

2023-03-30 10:03:04,170 - INFO - Scraped recipe number: 7

2023-03-30 10:03:04,665 - INFO - Scraped recipe number: 8

2023-03-30 10:03:05,227 - INFO - Scraped recipe number: 9

2023-03-30 10:03:05,712 - INFO - Scraped recipe number: 10

2023-03-30 10:03:06,219 - INFO - Scraped recipe number: 11

2023-03-30 10:03:06,698 - INFO - Scraped recipe number: 12

2023-03-30 10:03:07,183 - INFO - Scraped recipe number: 13

2023-03-30 10:03:07,679 - INFO - Scraped recipe number: 14

2023-03-30 10:03:08,179 - INFO - Scraped recipe number: 15

2023-03-30 10:03:08,658 - INFO - Scraped recipe number: 16

2023-03-30 10:03:09,318 - INFO - Scraped recipe number: 17

2023-03-30 10:03:09,804 - INFO - Scraped recipe number: 18

2023-03-30 10:03:10,775 - INFO - Scraped recipe number: 19

2023-03-30 10:03:11,298 - INFO - Scraped recipe number: 20

2023-03-30 10:03:11,764 - INFO - Scraped recipe number: 21

2023-03-30 10:03:12,247 - INFO - Scraped recipe number: 22

2023-03-30 10:03:12,761 - INFO - Scraped recipe number: 23

2023-03-30 10:03:13,261 - INFO - Scraped recipe number: 24

2023-03-30 10:03:13,795 - INFO - Scraped recipe number: 25

2023-03-30 10:03:14,302 - INFO - Scraped recipe number: 26

2023-03-30 10:03:14,817 - INFO - Scraped recipe number: 27

2023-03-30 10:03:15,314 - INFO - Scraped recipe number: 28

2023-03-30 10:03:15,813 - INFO - Scraped recipe number: 29

2023-03-30 10:03:16,329 - INFO - Scraped recipe number: 30

2023-03-30 10:03:16,852 - INFO - Scraped recipe number: 31

2023-03-30 10:03:17,523 - INFO - Scraped recipe number: 32

2023-03-30 10:16:14,799 - INFO - Links from: https://www.allrecipes.com/recipes/23070/everyday-cooking/cookware-and-equipment/air-fryer/  retrieved
2023-03-30 10:16:15,351 - INFO - Links from: https://www.allrecipes.com/recipes/16492/everyday-cooking/special-collections/allrecipes-allstars/  retrieved
2023-03-30 10:16:16,225 - ERROR - Error scraping recipe details from link https://www.allrecipes.com/recipe/8525657/air-fryer-lemon-pepper-roasted-cashews/: get_recipe_description() missing 1 required positional argument: 'soup'
2023-03-30 10:16:16,721 - ERROR - Error scraping recipe details from link https://www.allrecipes.com/recipe/8537838/air-fryer-pretzel-crescent-rolls/: get_recipe_description() missing 1 required positional argument: 'soup'
2023-03-30 10:16:17,189 - ERROR - Error scraping recipe details from link https://www.allrecipes.com/recipe/8532490/air-fryer-crispy-cajun-black-eyed-peas/: get_recipe_description() missing 1 required positional argument: 'soup'
2023-03-30 10:16:17,682 - ERROR - Error scraping recipe details from link https://www.allrecipes.com/recipe/8532969/quick-air-fryer-tilapia/: get_recipe_description() missing 1 required positional argument: 'soup'
2023-03-30 10:16:18,167 - ERROR - Error scraping recipe details from link https://www.allrecipes.com/recipe/8529798/air-fryer-chickpeas/: get_recipe_description() missing 1 required positional argument: 'soup'
2023-03-30 10:16:18,653 - ERROR - Error scraping recipe details from link https://www.allrecipes.com/recipe/8527072/air-fryer-loaded-mashed-potato-cakes/: get_recipe_description() missing 1 required positional argument: 'soup'
2023-03-30 10:16:19,140 - ERROR - Error scraping recipe details from link https://www.allrecipes.com/recipe/8457744/air-fryer-chicken-bites-with-parmesan-cheese/: get_recipe_description() missing 1 required positional argument: 'soup'
2023-03-30 10:16:19,609 - ERROR - Error scraping recipe details from link https://www.allrecipes.com/recipe/8457748/air-fryer-mini-croissants-with-nutella-and-jam/: get_recipe_description() missing 1 required positional argument: 'soup'
2023-03-30 10:16:20,125 - ERROR - Error scraping recipe details from link https://www.allrecipes.com/recipe/8458926/air-fryer-cherry-cream-cheese-croissants/: get_recipe_description() missing 1 required positional argument: 'soup'
2023-03-30 10:16:20,601 - ERROR - Error scraping recipe details from link https://www.allrecipes.com/recipe/8462063/air-fryer-halloumi-cheese/: get_recipe_description() missing 1 required positional argument: 'soup'
2023-03-30 10:16:21,071 - ERROR - Error scraping recipe details from link https://www.allrecipes.com/recipe/8462076/air-fryer-ranch-chicken-bites/: get_recipe_description() missing 1 required positional argument: 'soup'
2023-03-30 10:16:21,553 - ERROR - Error scraping recipe details from link https://www.allrecipes.com/recipe/8463459/air-fryer-frozen-chicken-strips/: get_recipe_description() missing 1 required positional argument: 'soup'
2023-03-30 10:16:22,029 - ERROR - Error scraping recipe details from link https://www.allrecipes.com/recipe/8465728/air-fryer-spicy-onion-rings/: get_recipe_description() missing 1 required positional argument: 'soup'
2023-03-30 10:16:22,523 - ERROR - Error scraping recipe details from link https://www.allrecipes.com/recipe/8521490/air-fryer-bbq-chicken-drummies/: get_recipe_description() missing 1 required positional argument: 'soup'
2023-03-30 10:16:23,005 - ERROR - Error scraping recipe details from link https://www.allrecipes.com/recipe/8472779/air-fryer-grilled-peaches-with-cinnamon/: get_recipe_description() missing 1 required positional argument: 'soup'
2023-03-30 10:16:23,468 - ERROR - Error scraping recipe details from link https://www.allrecipes.com/recipe/8521489/air-fryer-puffed-butter-beans/: get_recipe_description() missing 1 required positional argument: 'soup'
2023-03-30 10:23:49,174 - INFO - Links from: https://www.allrecipes.com/recipes/23070/everyday-cooking/cookware-and-equipment/air-fryer/  retrieved
2023-03-30 10:23:49,686 - INFO - Links from: https://www.allrecipes.com/recipes/16492/everyday-cooking/special-collections/allrecipes-allstars/  retrieved
2023-03-30 10:23:50,586 - ERROR - Error scraping recipe details from link https://www.allrecipes.com/recipe/8525657/air-fryer-lemon-pepper-roasted-cashews/: get_recipe_instructions() missing 1 required positional argument: 'soup'
2023-03-30 10:23:51,069 - ERROR - Error scraping recipe details from link https://www.allrecipes.com/recipe/8537838/air-fryer-pretzel-crescent-rolls/: get_recipe_instructions() missing 1 required positional argument: 'soup'
2023-03-30 10:23:51,585 - ERROR - Error scraping recipe details from link https://www.allrecipes.com/recipe/8532490/air-fryer-crispy-cajun-black-eyed-peas/: get_recipe_instructions() missing 1 required positional argument: 'soup'
2023-03-30 10:23:52,092 - ERROR - Error scraping recipe details from link https://www.allrecipes.com/recipe/8532969/quick-air-fryer-tilapia/: get_recipe_instructions() missing 1 required positional argument: 'soup'
2023-03-30 10:23:52,737 - ERROR - Error scraping recipe details from link https://www.allrecipes.com/recipe/8529798/air-fryer-chickpeas/: get_recipe_instructions() missing 1 required positional argument: 'soup'
2023-03-30 10:23:53,215 - ERROR - Error scraping recipe details from link https://www.allrecipes.com/recipe/8527072/air-fryer-loaded-mashed-potato-cakes/: get_recipe_instructions() missing 1 required positional argument: 'soup'
2023-03-30 10:23:53,682 - ERROR - Error scraping recipe details from link https://www.allrecipes.com/recipe/8457744/air-fryer-chicken-bites-with-parmesan-cheese/: get_recipe_instructions() missing 1 required positional argument: 'soup'
2023-03-30 10:24:33,627 - INFO - Links from: https://www.allrecipes.com/recipes/23070/everyday-cooking/cookware-and-equipment/air-fryer/  retrieved
2023-03-30 10:24:34,157 - INFO - Links from: https://www.allrecipes.com/recipes/16492/everyday-cooking/special-collections/allrecipes-allstars/  retrieved
2023-03-30 10:24:35,047 - ERROR - Error scraping recipe details from link https://www.allrecipes.com/recipe/8525657/air-fryer-lemon-pepper-roasted-cashews/: get_recipe_instructions() missing 1 required positional argument: 'soup'
2023-03-30 10:24:35,536 - ERROR - Error scraping recipe details from link https://www.allrecipes.com/recipe/8537838/air-fryer-pretzel-crescent-rolls/: get_recipe_instructions() missing 1 required positional argument: 'soup'
2023-03-30 10:24:36,023 - ERROR - Error scraping recipe details from link https://www.allrecipes.com/recipe/8532490/air-fryer-crispy-cajun-black-eyed-peas/: get_recipe_instructions() missing 1 required positional argument: 'soup'
2023-03-30 10:24:36,546 - ERROR - Error scraping recipe details from link https://www.allrecipes.com/recipe/8532969/quick-air-fryer-tilapia/: get_recipe_instructions() missing 1 required positional argument: 'soup'
2023-03-30 10:24:37,020 - ERROR - Error scraping recipe details from link https://www.allrecipes.com/recipe/8529798/air-fryer-chickpeas/: get_recipe_instructions() missing 1 required positional argument: 'soup'
2023-03-30 10:30:30,570 - INFO - Links from: https://www.allrecipes.com/recipes/23070/everyday-cooking/cookware-and-equipment/air-fryer/  retrieved
2023-03-30 10:30:31,070 - INFO - Links from: https://www.allrecipes.com/recipes/16492/everyday-cooking/special-collections/allrecipes-allstars/  retrieved
2023-03-30 10:30:31,941 - ERROR - Error scraping recipe details from link https://www.allrecipes.com/recipe/8525657/air-fryer-lemon-pepper-roasted-cashews/: 'Namespace' object has no attribute 'description'
2023-03-30 10:30:32,441 - ERROR - Error scraping recipe details from link https://www.allrecipes.com/recipe/8537838/air-fryer-pretzel-crescent-rolls/: 'Namespace' object has no attribute 'description'
2023-03-30 10:30:32,944 - ERROR - Error scraping recipe details from link https://www.allrecipes.com/recipe/8532490/air-fryer-crispy-cajun-black-eyed-peas/: 'Namespace' object has no attribute 'description'
2023-03-30 10:30:33,460 - ERROR - Error scraping recipe details from link https://www.allrecipes.com/recipe/8532969/quick-air-fryer-tilapia/: 'Namespace' object has no attribute 'description'
2023-03-30 10:30:33,955 - ERROR - Error scraping recipe details from link https://www.allrecipes.com/recipe/8529798/air-fryer-chickpeas/: 'Namespace' object has no attribute 'description'
2023-03-30 10:30:34,434 - ERROR - Error scraping recipe details from link https://www.allrecipes.com/recipe/8527072/air-fryer-loaded-mashed-potato-cakes/: 'Namespace' object has no attribute 'description'
2023-03-30 10:30:34,910 - ERROR - Error scraping recipe details from link https://www.allrecipes.com/recipe/8457744/air-fryer-chicken-bites-with-parmesan-cheese/: 'Namespace' object has no attribute 'description'
2023-03-30 10:30:35,374 - ERROR - Error scraping recipe details from link https://www.allrecipes.com/recipe/8457748/air-fryer-mini-croissants-with-nutella-and-jam/: 'Namespace' object has no attribute 'description'
2023-03-30 10:30:35,890 - ERROR - Error scraping recipe details from link https://www.allrecipes.com/recipe/8458926/air-fryer-cherry-cream-cheese-croissants/: 'Namespace' object has no attribute 'description'
2023-03-30 10:30:36,357 - ERROR - Error scraping recipe details from link https://www.allrecipes.com/recipe/8462063/air-fryer-halloumi-cheese/: 'Namespace' object has no attribute 'description'
2023-03-30 10:30:36,849 - ERROR - Error scraping recipe details from link https://www.allrecipes.com/recipe/8462076/air-fryer-ranch-chicken-bites/: 'Namespace' object has no attribute 'description'
2023-03-30 10:30:37,335 - ERROR - Error scraping recipe details from link https://www.allrecipes.com/recipe/8463459/air-fryer-frozen-chicken-strips/: 'Namespace' object has no attribute 'description'
2023-03-30 10:30:37,811 - ERROR - Error scraping recipe details from link https://www.allrecipes.com/recipe/8465728/air-fryer-spicy-onion-rings/: 'Namespace' object has no attribute 'description'
2023-03-30 10:30:38,470 - ERROR - Error scraping recipe details from link https://www.allrecipes.com/recipe/8521490/air-fryer-bbq-chicken-drummies/: 'Namespace' object has no attribute 'description'
2023-03-30 10:33:53,527 - INFO - Links from: https://www.allrecipes.com/recipes/23070/everyday-cooking/cookware-and-equipment/air-fryer/  retrieved
2023-03-30 10:33:54,064 - INFO - Links from: https://www.allrecipes.com/recipes/16492/everyday-cooking/special-collections/allrecipes-allstars/  retrieved
2023-03-30 10:33:55,012 - ERROR - Error scraping recipe details from link https://www.allrecipes.com/recipe/8525657/air-fryer-lemon-pepper-roasted-cashews/: 'NoneType' object has no attribute 'find_all'
2023-03-30 10:33:55,610 - ERROR - Error scraping recipe details from link https://www.allrecipes.com/recipe/8537838/air-fryer-pretzel-crescent-rolls/: 'NoneType' object has no attribute 'find_all'
2023-03-30 10:33:56,245 - ERROR - Error scraping recipe details from link https://www.allrecipes.com/recipe/8532490/air-fryer-crispy-cajun-black-eyed-peas/: 'NoneType' object has no attribute 'find_all'
2023-03-30 10:33:56,769 - ERROR - Error scraping recipe details from link https://www.allrecipes.com/recipe/8532969/quick-air-fryer-tilapia/: 'NoneType' object has no attribute 'find_all'
2023-03-30 10:33:57,293 - ERROR - Error scraping recipe details from link https://www.allrecipes.com/recipe/8529798/air-fryer-chickpeas/: 'NoneType' object has no attribute 'find_all'
2023-03-30 10:33:57,814 - ERROR - Error scraping recipe details from link https://www.allrecipes.com/recipe/8527072/air-fryer-loaded-mashed-potato-cakes/: 'NoneType' object has no attribute 'find_all'
2023-03-30 10:33:58,315 - ERROR - Error scraping recipe details from link https://www.allrecipes.com/recipe/8457744/air-fryer-chicken-bites-with-parmesan-cheese/: 'NoneType' object has no attribute 'find_all'
2023-03-30 10:33:58,845 - ERROR - Error scraping recipe details from link https://www.allrecipes.com/recipe/8457748/air-fryer-mini-croissants-with-nutella-and-jam/: 'NoneType' object has no attribute 'find_all'
2023-03-30 10:33:59,378 - ERROR - Error scraping recipe details from link https://www.allrecipes.com/recipe/8458926/air-fryer-cherry-cream-cheese-croissants/: 'NoneType' object has no attribute 'find_all'
2023-03-30 10:33:59,884 - ERROR - Error scraping recipe details from link https://www.allrecipes.com/recipe/8462063/air-fryer-halloumi-cheese/: 'NoneType' object has no attribute 'find_all'
2023-03-30 10:34:00,416 - ERROR - Error scraping recipe details from link https://www.allrecipes.com/recipe/8462076/air-fryer-ranch-chicken-bites/: 'NoneType' object has no attribute 'find_all'
2023-03-30 10:34:00,905 - ERROR - Error scraping recipe details from link https://www.allrecipes.com/recipe/8463459/air-fryer-frozen-chicken-strips/: 'NoneType' object has no attribute 'find_all'
2023-03-30 10:34:01,426 - ERROR - Error scraping recipe details from link https://www.allrecipes.com/recipe/8465728/air-fryer-spicy-onion-rings/: 'NoneType' object has no attribute 'find_all'
2023-03-30 10:36:19,244 - INFO - Links from: https://www.allrecipes.com/recipes/23070/everyday-cooking/cookware-and-equipment/air-fryer/  retrieved
2023-03-30 10:36:19,767 - INFO - Links from: https://www.allrecipes.com/recipes/16492/everyday-cooking/special-collections/allrecipes-allstars/  retrieved
2023-03-30 10:36:20,638 - ERROR - Error scraping recipe details from link https://www.allrecipes.com/recipe/8525657/air-fryer-lemon-pepper-roasted-cashews/: 'NoneType' object has no attribute 'find_all'
2023-03-30 10:36:21,135 - ERROR - Error scraping recipe details from link https://www.allrecipes.com/recipe/8537838/air-fryer-pretzel-crescent-rolls/: 'NoneType' object has no attribute 'find_all'
2023-03-30 10:36:21,616 - ERROR - Error scraping recipe details from link https://www.allrecipes.com/recipe/8532490/air-fryer-crispy-cajun-black-eyed-peas/: 'NoneType' object has no attribute 'find_all'
2023-03-30 10:36:22,132 - ERROR - Error scraping recipe details from link https://www.allrecipes.com/recipe/8532969/quick-air-fryer-tilapia/: 'NoneType' object has no attribute 'find_all'
2023-03-30 10:36:22,605 - ERROR - Error scraping recipe details from link https://www.allrecipes.com/recipe/8529798/air-fryer-chickpeas/: 'NoneType' object has no attribute 'find_all'
2023-03-30 10:36:23,100 - ERROR - Error scraping recipe details from link https://www.allrecipes.com/recipe/8527072/air-fryer-loaded-mashed-potato-cakes/: 'NoneType' object has no attribute 'find_all'
2023-03-30 10:36:23,569 - ERROR - Error scraping recipe details from link https://www.allrecipes.com/recipe/8457744/air-fryer-chicken-bites-with-parmesan-cheese/: 'NoneType' object has no attribute 'find_all'
2023-03-30 10:36:24,033 - ERROR - Error scraping recipe details from link https://www.allrecipes.com/recipe/8457748/air-fryer-mini-croissants-with-nutella-and-jam/: 'NoneType' object has no attribute 'find_all'
2023-03-30 10:36:24,529 - ERROR - Error scraping recipe details from link https://www.allrecipes.com/recipe/8458926/air-fryer-cherry-cream-cheese-croissants/: 'NoneType' object has no attribute 'find_all'
2023-03-30 10:36:25,007 - ERROR - Error scraping recipe details from link https://www.allrecipes.com/recipe/8462063/air-fryer-halloumi-cheese/: 'NoneType' object has no attribute 'find_all'
2023-03-30 10:36:25,508 - ERROR - Error scraping recipe details from link https://www.allrecipes.com/recipe/8462076/air-fryer-ranch-chicken-bites/: 'NoneType' object has no attribute 'find_all'
2023-03-30 10:36:25,981 - ERROR - Error scraping recipe details from link https://www.allrecipes.com/recipe/8463459/air-fryer-frozen-chicken-strips/: 'NoneType' object has no attribute 'find_all'
2023-03-30 10:36:26,473 - ERROR - Error scraping recipe details from link https://www.allrecipes.com/recipe/8465728/air-fryer-spicy-onion-rings/: 'NoneType' object has no attribute 'find_all'
2023-03-30 10:36:26,969 - ERROR - Error scraping recipe details from link https://www.allrecipes.com/recipe/8521490/air-fryer-bbq-chicken-drummies/: 'NoneType' object has no attribute 'find_all'
2023-03-30 10:36:27,478 - ERROR - Error scraping recipe details from link https://www.allrecipes.com/recipe/8472779/air-fryer-grilled-peaches-with-cinnamon/: 'NoneType' object has no attribute 'find_all'
2023-03-30 10:36:27,960 - ERROR - Error scraping recipe details from link https://www.allrecipes.com/recipe/8521489/air-fryer-puffed-butter-beans/: 'NoneType' object has no attribute 'find_all'
2023-03-30 10:36:28,585 - ERROR - Error scraping recipe details from link https://www.allrecipes.com/recipe/8514636/air-fryer-pizza/: 'NoneType' object has no attribute 'find_all'
2023-03-30 10:36:29,073 - ERROR - Error scraping recipe details from link https://www.allrecipes.com/recipe/8507574/air-fryer-smoked-salmon-wontons/: 'NoneType' object has no attribute 'find_all'
2023-03-30 10:38:01,129 - INFO - Links from: https://www.allrecipes.com/recipes/23070/everyday-cooking/cookware-and-equipment/air-fryer/  retrieved
2023-03-30 10:38:01,678 - INFO - Links from: https://www.allrecipes.com/recipes/16492/everyday-cooking/special-collections/allrecipes-allstars/  retrieved
2023-03-30 10:38:02,572 - INFO - Scraped recipe number: 1

2023-03-30 10:38:03,079 - INFO - Scraped recipe number: 2

2023-03-30 10:38:03,565 - INFO - Scraped recipe number: 3

2023-03-30 10:38:04,075 - INFO - Scraped recipe number: 4

2023-03-30 10:38:04,558 - INFO - Scraped recipe number: 5

2023-03-30 10:38:05,038 - INFO - Scraped recipe number: 6

2023-03-30 10:38:05,531 - INFO - Scraped recipe number: 7

2023-03-30 10:38:06,013 - INFO - Scraped recipe number: 8

2023-03-30 10:38:06,523 - INFO - Scraped recipe number: 9

2023-03-30 10:38:07,012 - INFO - Scraped recipe number: 10

2023-03-30 10:38:07,498 - INFO - Scraped recipe number: 11

2023-03-30 10:38:07,986 - INFO - Scraped recipe number: 12

2023-03-30 10:38:08,474 - INFO - Scraped recipe number: 13

2023-03-30 10:38:09,022 - INFO - Scraped recipe number: 14

2023-03-30 10:38:09,535 - INFO - Scraped recipe number: 15

2023-03-30 10:38:10,016 - INFO - Scraped recipe number: 16

2023-03-30 10:38:10,513 - INFO - Scraped recipe number: 17

2023-03-30 10:38:11,022 - INFO - Scraped recipe number: 18

2023-03-30 10:38:11,517 - INFO - Scraped recipe number: 19

2023-03-30 10:38:12,025 - INFO - Scraped recipe number: 20

2023-03-30 10:38:12,518 - INFO - Scraped recipe number: 21

2023-03-30 10:38:13,049 - INFO - Scraped recipe number: 22

2023-03-30 10:38:13,570 - INFO - Scraped recipe number: 23

2023-03-30 10:38:14,049 - INFO - Scraped recipe number: 24

2023-03-30 10:38:14,698 - INFO - Scraped recipe number: 25

2023-03-30 10:41:35,724 - INFO - Links from: https://www.allrecipes.com/recipes/23070/everyday-cooking/cookware-and-equipment/air-fryer/  retrieved
2023-03-30 10:41:36,241 - INFO - Links from: https://www.allrecipes.com/recipes/16492/everyday-cooking/special-collections/allrecipes-allstars/  retrieved
2023-03-30 10:41:37,083 - INFO - Scraped recipe number: 1

2023-03-30 10:41:37,565 - INFO - Scraped recipe number: 2

2023-03-30 10:41:38,052 - INFO - Scraped recipe number: 3

2023-03-30 10:46:23,646 - INFO - Links from: https://www.allrecipes.com/recipes/23070/everyday-cooking/cookware-and-equipment/air-fryer/  retrieved
2023-03-30 10:46:24,184 - INFO - Links from: https://www.allrecipes.com/recipes/16492/everyday-cooking/special-collections/allrecipes-allstars/  retrieved
2023-03-30 10:46:25,040 - INFO - Scraped recipe number: 1

2023-03-30 10:46:25,528 - INFO - Scraped recipe number: 2

2023-03-30 10:46:26,046 - INFO - Scraped recipe number: 3

2023-03-30 10:46:26,601 - INFO - Scraped recipe number: 4

2023-03-30 10:46:27,085 - INFO - Scraped recipe number: 5

2023-03-30 10:46:27,569 - INFO - Scraped recipe number: 6

2023-03-30 10:46:28,047 - INFO - Scraped recipe number: 7

2023-03-30 10:46:28,544 - INFO - Scraped recipe number: 8

2023-03-30 10:46:29,049 - INFO - Scraped recipe number: 9

2023-03-30 10:46:29,522 - INFO - Scraped recipe number: 10

2023-03-30 10:46:30,015 - INFO - Scraped recipe number: 11

2023-03-30 10:46:30,479 - INFO - Scraped recipe number: 12

2023-03-30 10:52:00,739 - INFO - Links from: https://www.allrecipes.com/recipes/23070/everyday-cooking/cookware-and-equipment/air-fryer/  retrieved
2023-03-30 10:52:01,273 - INFO - Links from: https://www.allrecipes.com/recipes/16492/everyday-cooking/special-collections/allrecipes-allstars/  retrieved
2023-03-30 10:52:02,177 - INFO - Scraped recipe number: 1

2023-03-30 10:52:02,679 - INFO - Scraped recipe number: 2

2023-03-30 10:52:03,181 - INFO - Scraped recipe number: 3

2023-03-30 10:52:03,689 - INFO - Scraped recipe number: 4

2023-03-30 10:52:04,190 - INFO - Scraped recipe number: 5

2023-03-30 10:52:04,678 - INFO - Scraped recipe number: 6

2023-03-30 10:52:05,189 - INFO - Scraped recipe number: 7

2023-03-30 10:52:05,842 - INFO - Scraped recipe number: 8

2023-03-30 10:52:06,379 - INFO - Scraped recipe number: 9

2023-03-30 10:52:06,872 - INFO - Scraped recipe number: 10

2023-03-30 10:52:07,370 - INFO - Scraped recipe number: 11

2023-03-30 10:52:07,875 - INFO - Scraped recipe number: 12

2023-03-30 10:52:08,367 - INFO - Scraped recipe number: 13

2023-03-30 10:52:08,863 - INFO - Scraped recipe number: 14

2023-03-30 10:52:09,382 - INFO - Scraped recipe number: 15

2023-03-30 10:52:09,864 - INFO - Scraped recipe number: 16

2023-03-30 10:52:10,373 - INFO - Scraped recipe number: 17

2023-03-30 10:52:10,869 - INFO - Scraped recipe number: 18

2023-03-30 10:52:11,360 - INFO - Scraped recipe number: 19

2023-03-30 10:52:11,875 - INFO - Scraped recipe number: 20

2023-03-30 10:52:12,381 - INFO - Scraped recipe number: 21

2023-03-30 10:52:12,886 - INFO - Scraped recipe number: 22

2023-03-30 10:52:13,419 - INFO - Scraped recipe number: 23

2023-03-30 10:52:13,922 - INFO - Scraped recipe number: 24

2023-03-30 10:52:14,479 - INFO - Scraped recipe number: 25

2023-03-30 10:52:15,016 - INFO - Scraped recipe number: 26

2023-03-30 10:52:15,535 - INFO - Scraped recipe number: 27

2023-03-30 10:52:16,066 - INFO - Scraped recipe number: 28

2023-03-30 10:52:16,563 - INFO - Scraped recipe number: 29

2023-03-30 10:52:17,094 - INFO - Scraped recipe number: 30

2023-03-30 10:52:17,639 - INFO - Scraped recipe number: 31

2023-03-30 10:52:18,138 - INFO - Scraped recipe number: 32

2023-03-30 10:52:19,048 - INFO - Scraped recipe number: 33

2023-03-30 10:52:19,536 - INFO - Scraped recipe number: 34

2023-03-30 10:52:20,053 - INFO - Scraped recipe number: 35

2023-03-30 10:52:20,554 - INFO - Scraped recipe number: 36

2023-03-30 10:52:21,059 - INFO - Scraped recipe number: 37

2023-03-30 10:52:21,589 - INFO - Scraped recipe number: 38

2023-03-30 10:52:22,076 - INFO - Scraped recipe number: 39

2023-03-30 10:52:22,597 - INFO - Scraped recipe number: 40

2023-03-30 10:52:23,100 - INFO - Scraped recipe number: 41

2023-03-30 10:52:23,598 - INFO - Scraped recipe number: 42

2023-03-30 10:52:24,133 - INFO - Scraped recipe number: 43

2023-03-30 10:52:24,669 - INFO - Scraped recipe number: 44

2023-03-30 10:52:25,170 - INFO - Scraped recipe number: 45

2023-03-30 10:52:25,682 - INFO - Scraped recipe number: 46

2023-03-30 10:52:26,184 - INFO - Scraped recipe number: 47

2023-03-30 10:52:26,686 - INFO - Scraped recipe number: 48

2023-03-30 10:52:27,220 - INFO - Scraped recipe number: 49

2023-03-30 10:52:27,733 - INFO - Scraped recipe number: 50

2023-03-30 10:52:28,279 - INFO - Scraped recipe number: 51

2023-03-30 10:52:28,803 - INFO - Scraped recipe number: 52

2023-03-30 10:52:29,330 - INFO - Scraped recipe number: 53

2023-03-30 10:52:29,828 - INFO - Scraped recipe number: 54

2023-03-30 10:52:30,335 - INFO - Scraped recipe number: 55

2023-03-30 10:52:31,701 - INFO - Scraped recipe number: 56

2023-03-30 10:52:32,213 - INFO - Scraped recipe number: 57

2023-03-30 10:52:32,717 - INFO - Scraped recipe number: 58

2023-03-30 10:52:33,232 - INFO - Scraped recipe number: 59

2023-03-30 10:52:33,750 - INFO - Scraped recipe number: 60

2023-03-30 10:52:34,261 - INFO - Scraped recipe number: 61

2023-03-30 10:52:34,753 - INFO - Scraped recipe number: 62

2023-03-30 10:52:35,248 - INFO - Scraped recipe number: 63

2023-03-30 10:52:35,738 - INFO - Scraped recipe number: 64

2023-03-30 10:52:36,252 - INFO - Scraped recipe number: 65

2023-03-30 10:52:36,759 - INFO - Scraped recipe number: 66

2023-03-30 10:52:37,266 - INFO - Scraped recipe number: 67

2023-03-30 10:52:37,755 - INFO - Scraped recipe number: 68

2023-03-30 10:52:38,260 - INFO - Scraped recipe number: 69

2023-03-30 10:52:38,773 - INFO - Scraped recipe number: 70

2023-03-30 10:52:39,272 - INFO - Scraped recipe number: 71

2023-03-30 10:52:39,772 - INFO - Scraped recipe number: 72

2023-03-30 10:52:40,273 - INFO - Scraped recipe number: 73

2023-03-30 10:52:40,762 - INFO - Scraped recipe number: 74

2023-03-30 10:52:41,401 - INFO - Scraped recipe number: 75

2023-03-30 10:52:42,005 - INFO - Scraped recipe number: 76

2023-03-30 10:52:42,515 - INFO - Scraped recipe number: 77

2023-03-30 10:52:43,013 - INFO - Scraped recipe number: 78

2023-03-30 10:52:43,525 - INFO - Scraped recipe number: 79

2023-03-30 10:52:44,023 - INFO - Scraped recipe number: 80

2023-03-30 10:52:44,532 - INFO - Scraped recipe number: 81

2023-03-30 10:52:45,057 - INFO - Scraped recipe number: 82

2023-03-30 10:52:45,595 - INFO - Scraped recipe number: 83

2023-03-30 10:52:46,119 - INFO - Scraped recipe number: 84

2023-03-30 10:52:46,628 - INFO - Scraped recipe number: 85

2023-03-30 10:52:47,165 - INFO - Scraped recipe number: 86

2023-03-30 10:52:47,681 - INFO - Scraped recipe number: 87

2023-03-30 10:52:48,178 - INFO - Scraped recipe number: 88

2023-03-30 10:52:48,675 - INFO - Scraped recipe number: 89

2023-03-30 10:52:49,172 - INFO - Scraped recipe number: 90

2023-03-30 10:52:49,685 - INFO - Scraped recipe number: 91

2023-03-30 10:52:50,217 - INFO - Scraped recipe number: 92

2023-03-30 10:52:50,717 - INFO - Scraped recipe number: 93

2023-03-30 10:52:51,231 - INFO - Scraped recipe number: 94

2023-03-30 10:52:51,774 - INFO - Scraped recipe number: 95

2023-03-30 10:52:52,297 - INFO - Scraped recipe number: 96

2023-03-30 10:52:52,810 - INFO - Scraped recipe number: 97

2023-03-30 10:52:53,312 - INFO - Scraped recipe number: 98

2023-03-30 10:52:53,852 - INFO - Scraped recipe number: 99

2023-03-30 10:52:54,336 - INFO - Scraped recipe number: 100

2023-03-30 10:52:54,841 - INFO - Scraped recipe number: 101

2023-03-30 10:52:55,370 - INFO - Scraped recipe number: 102

2023-03-30 10:52:55,874 - INFO - Scraped recipe number: 103

2023-03-30 10:52:56,359 - INFO - Scraped recipe number: 104

2023-03-30 10:52:56,847 - INFO - Scraped recipe number: 105

2023-03-30 10:52:57,338 - INFO - Scraped recipe number: 106

2023-03-30 10:52:57,821 - INFO - Scraped recipe number: 107

2023-03-30 10:52:58,351 - INFO - Scraped recipe number: 108

2023-03-30 10:52:58,864 - INFO - Scraped recipe number: 109

2023-03-30 10:52:59,370 - INFO - Scraped recipe number: 110

2023-03-30 10:52:59,871 - INFO - Scraped recipe number: 111

2023-03-30 10:53:00,375 - INFO - Scraped recipe number: 112

2023-03-30 10:53:00,895 - INFO - Scraped recipe number: 113

2023-03-30 10:53:01,407 - INFO - Scraped recipe number: 114

2023-03-30 10:53:01,905 - INFO - Scraped recipe number: 115

2023-03-30 10:53:02,403 - INFO - Scraped recipe number: 116

2023-03-30 10:53:02,907 - INFO - Scraped recipe number: 117

2023-03-30 10:53:03,453 - INFO - Scraped recipe number: 118

2023-03-30 10:53:03,960 - INFO - Scraped recipe number: 119

2023-03-30 10:53:04,455 - INFO - Scraped recipe number: 120

2023-03-30 10:53:04,957 - INFO - Scraped recipe number: 121

2023-03-30 10:53:05,444 - INFO - Scraped recipe number: 122

