
Recipe: Air Fryer Lemon Pepper Roasted Cashews Recipe
Ingredients: ['1 cup raw cashews ', '1 tablespoon olive oil ', '½ teaspoon lemon-pepper seasoning ', '½ teaspoon garlic powder ', '½ teaspoon salt']
Recipe details: {'Prep Time:': '3 mins', 'Cook Time:': '7 mins', 'Total Time:': '10 mins', 'Servings:': '4'}
Number of reviews: 0
Rating: None
Nutritional facts: {'Calories': '219', 'Fat': '18g', 'Carbs': '11g', 'Protein': '6g'}
Publish date: February 15, 2023
Categories: ['Recipes', 'Appetizers and Snacks', 'Snacks']

Recipe: Air Fryer Pretzel Crescent Rolls Recipe
Ingredients: ['1 quart water ', '¼ cup baking soda ', '1 (8 ounce) package refrigerated crescent roll dough ', '  pretzel salt ', '  cooking spray']
Recipe details: {'Prep Time:': '5 mins', 'Total Time:': '5 mins', 'Servings:': '8'}
Number of reviews: 0
Rating: None
Nutritional facts: {'Calories': '110', 'Fat': '6g', 'Carbs': '11g', 'Protein': '2g'}
Publish date: February 11, 2023
Categories: ['Recipes', 'Bread', 'Yeast Bread Recipes', 'Pretzel Recipes']

Recipe: Air Fryer Crispy Cajun Black-Eyed Peas Recipe
Ingredients: ['1 (14.5 ounce) can black-eyed peas, rinsed and drained ', '1 tablespoon olive oil ', '1 ½ teaspoons Cajun seasoning (such as Old Bay®)']
Recipe details: {'Prep Time:': '4 mins', 'Cook Time:': '14 mins', 'Total Time:': '18 mins', 'Servings:': '4'}
Number of reviews: 0
Rating: None
Nutritional facts: {'Calories': '111', 'Fat': '4g', 'Carbs': '14g', 'Protein': '5g'}
Publish date: February 8, 2023
Categories: ['Everyday Cooking', 'Cookware and Equipment', 'Air Fryer', 'Appetizers and Snacks']

Recipe: Quick Air Fryer Tilapia Recipe
Ingredients: ['olive oil cooking spray ', '2 tablespoons all-purpose flour ', '1 ½ teaspoons seafood seasoning (such as Old Bay®) ', '¾ teaspoon paprika ', '½ teaspoon garlic powder ', '  salt and freshly ground black pepper to taste ', '1 pound tilapia fillets, thawed if frozen ', '  4 lemon slices']
Recipe details: {'Prep Time:': '10 mins', 'Cook Time:': '8 mins', 'Total Time:': '18 mins', 'Servings:': '4'}
Number of reviews: 0
Rating: None
Nutritional facts: {'Calories': '132', 'Fat': '2g', 'Carbs': '4g', 'Protein': '24g'}
Publish date: February 2, 2023
Categories: ['Recipes', 'Seafood', 'Fish', 'Tilapia']

Recipe: Air Fryer Tajin Chickpeas Recipe
Ingredients: ['1 (15.5 ounce) can chickpeas, drained and rinsed ', '¾ tablespoon avocado oil ', '2 teaspoons chili-lime seasoning (such as Tajin®) ', '¼ teaspoon garlic powder ', '1 pinch cayenne pepper, or to taste ', '  salt to taste']
Recipe details: {'Prep Time:': '10 mins', 'Cook Time:': '15 mins', 'Total Time:': '25 mins', 'Servings:': '4'}
Number of reviews: 0
Rating: 5.0
Nutritional facts: {'Calories': '155', 'Fat': '4g', 'Carbs': '25g', 'Protein': '6g'}
Publish date: January 25, 2023
Categories: ['Recipes', 'Fruits and Vegetables', 'Beans and Peas', 'Garbanzo Beans']

Recipe: Air Fryer Loaded Mashed Potato Cakes Recipe
Ingredients: ['2 cups cold mashed potatoes ', '1 cup shredded Cheddar cheese ', '3  green onions, chopped ', '¼ cup real bacon bits ', '2 tablespoons all-purpose flour ', '1 small egg, beaten']
Recipe details: {'Prep Time:': '10 mins', 'Cook Time:': '12 mins', 'Freeze Time:': '10 mins', 'Total Time:': '32 mins', 'Servings:': '6', 'Yield:': '6 potato cakes'}
Number of reviews: 1
Rating: 5.0
Nutritional facts: {'Calories': '171', 'Fat': '8g', 'Carbs': '15g', 'Protein': '9g'}
Publish date: January 24, 2023
Categories: ['Recipes', 'Side Dish', 'Potato']

Recipe: Air Fryer Chicken Bites with Parmesan Cheese Recipe
Ingredients: ['2 teaspoons olive oil ', '2 teaspoons Worcestershire sauce ', '1 teaspoon dried Italian seasoning ', '½ teaspoon garlic powder ', '¼ teaspoon salt ', '⅛ teaspoon freshly ground black pepper ', '1 pound skinless, boneless chicken breast, cut into 1-inch cubes ', '2 tablespoons all-purpose flour ', '  cooking spray ', '¼ cup shredded Parmesan cheese ', '2 tablespoons chopped fresh parsley']
Recipe details: {'Prep Time:': '10 mins', 'Cook Time:': '18 mins', 'Total Time:': '28 mins', 'Servings:': '4'}
Number of reviews: 2
Rating: 5.0
Nutritional facts: {'Calories': '187', 'Fat': '5g', 'Carbs': '4g', 'Protein': '29g'}
Publish date: September 13, 2022
Categories: ['Recipes', 'Appetizers and Snacks', 'Meat and Poultry', 'Chicken']

Recipe: Air Fryer Mini Croissants with Nutella and Jam
Ingredients: ['1 sheet frozen puff pastry, thawed ', '1 large egg ', '1 tablespoon water ', '8 teaspoons chocolate-hazelnut spread (such as Nutella®) ', '4 teaspoons strawberry jam ', '1 teaspoon cinnamon sugar, or as needed']
Recipe details: {'Prep Time:': '15 mins', 'Cook Time:': '14 mins', 'Total Time:': '29 mins', 'Servings:': '8', 'Yield:': '8 mini croissants'}
Number of reviews: 0
Rating: None
Nutritional facts: {'Calories': '211', 'Fat': '14g', 'Carbs': '19g', 'Protein': '3g'}
Publish date: September 14, 2022
Categories: ['Recipes', 'Breakfast and Brunch']

Recipe: Air Fryer Croissants with Cherries and Cream Cheese Recipe
Ingredients: ['flour for dusting ', '1 (8 ounce) package refrigerated crescent roll dough (such as Pillsbury® ', '1 (8 ounce) tub cream cheese ', '1 (15 ounce) can pitted sour cherries, drained ', '  cooking spray ', '  ground cinnamon to taste']
Recipe details: {'Prep Time:': '10 mins', 'Cook Time:': '5 mins', 'Total Time:': '15 mins', 'Servings:': '8', 'Yield:': '8 croissants'}
Number of reviews: 1
Rating: 4.6
Nutritional facts: {'Calories': '227', 'Fat': '16g', 'Carbs': '16g', 'Protein': '5g'}
Publish date: August 31, 2022
Categories: ['Recipes', 'Bread', 'Pastries']

Recipe: Air Fryer Halloumi Cheese Recipe
Ingredients: ['8 ounces halloumi cheese ', '2 teaspoons olive oil ', '  cooking spray']
Recipe details: {'Prep Time:': '10 mins', 'Cook Time:': '7 mins', 'Total Time:': '17 mins', 'Servings:': '12', 'Yield:': '12 slices halloumi'}
Number of reviews: 0
Rating: None
Nutritional facts: {'Calories': '66', 'Fat': '6g', 'Carbs': '1g', 'Protein': '4g'}
Publish date: August 24, 2022
Categories: ['Recipes', 'Appetizers and Snacks', 'Cheese']

Recipe: Air Fryer Ranch Chicken Bites Recipe
Ingredients: ['1 pound boneless, skinless chicken thighs, trimmed and cut into 1-inch cubes ', '2 tablespoons avocado oil ', '1 tablespoon white vinegar ', '1 ½ teaspoons dry ranch dressing mix (such as Hidden Valley Ranch®) ', '1 teaspoon garlic powder ', '½ teaspoon salt ', '½ teaspoon freshly ground black pepper ', '3 tablespoons shredded extra-sharp Cheddar cheese ', '1 tablespoon chopped fresh parsley']
Recipe details: {'Prep Time:': '10 mins', 'Cook Time:': '10 mins', 'Marinate Time:': '30 mins', 'Total Time:': '50 mins', 'Servings:': '4'}
Number of reviews: 0
Rating: None
Nutritional facts: {'Calories': '328', 'Fat': '26g', 'Carbs': '1g', 'Protein': '21g'}
Publish date: September 22, 2022
Categories: ['Recipes', 'Appetizers and Snacks', 'Meat and Poultry', 'Chicken']

Recipe: Air Fryer Frozen Chicken Strips Recipe
Ingredients: ['25 ounces frozen cooked, breaded crispy chicken strips (such as Tyson®)']
Recipe details: {'Prep Time:': '5 mins', 'Cook Time:': '11 mins', 'Total Time:': '16 mins', 'Servings:': '8'}
Number of reviews: 0
Rating: None
Nutritional facts: {'Calories': '106', 'Fat': '2g', 'Carbs': '3g', 'Protein': '20g'}
Publish date: August 31, 2022
Categories: ['Recipes', 'Meat and Poultry', 'Chicken', 'Chicken Breast']

Recipe: Air Fryer Spicy Onion Rings Recipe
Ingredients: ['2 large sweet onions, sliced 1/2 inch thick⅔ cup buttermilk ', '1  egg ', '¼ cup all-purpose flour ', "1 teaspoon RedHot Chile and Lime Seasoning Blend (such as Frank's®) ", '½ teaspoon adobo all-purpose seasoning (such as Goya®)2 cups panko bread crumbs ', '1 teaspoon adobo all-purpose seasoning (such as Goya®) ', "½ teaspoon RedHot Chile and Lime Seasoning Blend (such as Frank's®) ", '  olive oil cooking spray ', '1 teaspoon kosher salt, or to taste']
Recipe details: {'Prep Time:': '20 mins', 'Cook Time:': '10 mins', 'Chill Time:': '30 mins', 'Total Time:': '1 hrs', 'Servings:': '4'}
Number of reviews: 0
Rating: None
Nutritional facts: {'Calories': '230', 'Fat': '4g', 'Carbs': '53g', 'Protein': '10g'}
Publish date: September 1, 2022
Categories: ['Recipes', 'Side Dish', 'Vegetables', 'Onion']

Recipe: Air Fryer BBQ Chicken Drummies Recipe
Ingredients: ['2 pounds chicken drummies ', '1 ½ tablespoons olive oil ', '1 teaspoon garlic powder ', '½ teaspoon salt ', '⅛ teaspoon freshly ground black pepper ', '¾ cup barbecue sauce']
Recipe details: {'Prep Time:': '5 mins', 'Cook Time:': '30 mins', 'Total Time:': '35 mins', 'Servings:': '4'}
Number of reviews: 1
Rating: 5.0
Nutritional facts: {'Calories': '483', 'Fat': '25g', 'Carbs': '18g', 'Protein': '44g'}
Publish date: January 5, 2023
Categories: ['Recipes', 'Meat and Poultry', 'Chicken', 'Chicken Leg Recipes']

Recipe: Air Fryer Grilled Peaches with Cinnamon Recipe
Ingredients: ['1 medium firm peach, halved and pitted ', '2 tablespoons unsalted butter ', '1 teaspoon light brown sugar ', '¼ teaspoon ground cinnamon ', '2 scoops vanilla ice cream']
Recipe details: {'Prep Time:': '5 mins', 'Cook Time:': '12 mins', 'Cool Time:': '5 mins', 'Total Time:': '22 mins', 'Servings:': '2'}
Number of reviews: 0
Rating: None
Nutritional facts: {'Calories': '150', 'Fat': '14g', 'Carbs': '7g', 'Protein': '1g'}
Publish date: September 13, 2022
Categories: ['Recipes', 'Desserts', 'Fruit Desserts', 'Peach Dessert Recipes']

Recipe: Air Fryer Puffed Butter Beans Recipe
Ingredients: ['1 (16 ounce) can large butter beans, drained and rinsed ', '1 tablespoon olive oil ', '1 teaspoon salt ', '1 teaspoon freshly ground black pepper ', '1 teaspoon garlic powder ', '  Optional: preferred seasoning blend']
Recipe details: {'Prep Time:': '5 mins', 'Cook Time:': '15 mins', 'Total Time:': '20 mins', 'Servings:': '4', 'Yield:': '1 cup'}
Number of reviews: 3
Rating: 3.7
Nutritional facts: {'Calories': '116', 'Fat': '3g', 'Carbs': '16g', 'Protein': '6g'}
Publish date: December 19, 2022
Categories: ['Kitchen Tips', 'All About Ingredients', 'All About Beans and Legumes']

Recipe: Air Fryer Pizza Recipe
Ingredients: ['olive oil cooking spray ', '1 (13.8 ounce) package refrigerated pizza dough (such as Pillsbury®) ', '6 tablespoons pizza sauce, divided ', '10 ounces shredded mozzarella cheese, divided ', '14 slices pepperoni, divided ', '½ cup onion slices, divided (Optional) ', '  sprinkle of dried basil and red pepper flakes (optional)']
Recipe details: {'Prep Time:': '15 mins', 'Cook Time:': '8 mins', 'Total Time:': '23 mins', 'Servings:': '2', 'Yield:': '2 personal pizzas'}
Number of reviews: 0
Rating: None
Nutritional facts: {'Calories': '966', 'Fat': '36g', 'Carbs': '101g', 'Protein': '55g'}
Publish date: December 7, 2022
Categories: ['Recipes', 'Main Dishes', 'Pizza Recipes']

Recipe: Air Fryer Smoked Salmon Wontons Recipe
Ingredients: ['1 (6 ounce) package cream cheese, softened ', '3 ounces cold-smoked salmon, finely chopped ', '1 ½ tablespoons minced capers ', '1 ½ tablespoons finely minced red onion ', '48  wonton wrappers ', '  water as needed ', '  cooking spray']
Recipe details: {'Prep Time:': '45 mins', 'Cook Time:': '5 mins', 'Total Time:': '50 mins', 'Servings:': '48', 'Yield:': '48 wonton appetizers'}
Number of reviews: 0
Rating: 5.0
Nutritional facts: {'Calories': '38', 'Fat': '1g', 'Carbs': '5g', 'Protein': '1g'}
Publish date: November 28, 2022
Categories: ['Recipes', 'Appetizers and Snacks']

Recipe: Air-Fried Raspberry Brie Bites Recipe
Ingredients: ['1 (8 ounce) round Brie cheese ', '1 (8 ounce) package phyllo dough, thawed ', '1 cup raspberry jam ', '1 cup butter, melted ', '2 tablespoons honey ', '  flakey salt to taste']
Recipe details: {'Prep Time:': '20 mins', 'Cook Time:': '15 mins', 'Total Time:': '35 mins', 'Servings:': '16', 'Yield:': '16 bites'}
Number of reviews: 1
Rating: 4.0
Nutritional facts: {'Calories': '252', 'Fat': '16g', 'Carbs': '23g', 'Protein': '4g'}
Publish date: October 12, 2022
Categories: ['Recipes', 'Appetizers and Snacks', 'Cheese']

Recipe: Spicy Chicken Jerky in the Air Fryer Recipe
Ingredients: ['2 (5 ounce) boneless chicken breasts, cut into strips ', '½ cup mojo criollo marinade (such as Goya®) ', '2 teaspoons Cajun seasoning ', '6  wooden skewers']
Recipe details: {'Prep Time:': '10 mins', 'Cook Time:': '1 hrs 30 mins', 'Additional Time:': '16 hrs', 'Total Time:': '17 hrs 40 mins', 'Servings:': '6', 'Yield:': '6 skewers'}
Number of reviews: 1
Rating: 4.0
Nutritional facts: {'Calories': '54', 'Fat': '1g', 'Carbs': '0g', 'Protein': '10g'}
Publish date: 2022
Categories: ['Recipes', 'Appetizers and Snacks', 'Meat and Poultry', 'Jerky Recipes']

Recipe: Air Fryer Scrambled Eggs On The Go Recipe
Ingredients: ['cooking spray ', '2 large eggs, beaten ', '  salt and freshly ground black pepper to taste']
Recipe details: {'Prep Time:': '4 mins', 'Cook Time:': '6 mins', 'Total Time:': '10 mins', 'Servings:': '1'}
Number of reviews: 0
Rating: 4.0
Nutritional facts: {'Calories': '143', 'Fat': '10g', 'Carbs': '1g', 'Protein': '13g'}
Publish date: November 4, 2022
Categories: ['Recipes', 'Breakfast and Brunch', 'Eggs', 'Scrambled']

Recipe: Basic Air Fryer Hot Dogs Recipe
Ingredients: ['4  hot dog buns ', '4  hot dogs']
Recipe details: {'Prep Time:': '5 mins', 'Cook Time:': '5 mins', 'Total Time:': '10 mins', 'Servings:': '4'}
Number of reviews: 68
Rating: 4.7
Nutritional facts: {'Calories': '269', 'Fat': '15g', 'Carbs': '23g', 'Protein': '9g'}
Publish date: 2023
Categories: ['Recipes', 'Main Dishes', 'Sandwich Recipes', 'Hot Dogs and Corn Dogs Recipes']

Recipe: Air Fryer Potato Wedges Recipe
Ingredients: ['2 medium russet potatoes ', '1 ½ tablespoons olive oil ', '½ teaspoon ground paprika ', '½ teaspoon parsley flakes ', '½ teaspoon chili powder ', '½ teaspoon sea salt ', '⅛ teaspoon ground black pepper']
Recipe details: {'Prep Time:': '5 mins', 'Cook Time:': '30 mins', 'Total Time:': '35 mins', 'Servings:': '4', 'Yield:': '16 potato wedges'}
Number of reviews: 103
Rating: 4.8
Nutritional facts: {'Calories': '129', 'Fat': '5g', 'Carbs': '19g', 'Protein': '2g'}
Publish date: 2023
Categories: ['Recipes', 'Side Dish', 'Fries Recipes', 'French Fries Recipes']

Recipe: Air Fryer Meatballs Recipe
Ingredients: ['16 ounces lean ground beef ', '4 ounces ground pork ', '½ cup grated Parmesan cheese ', '⅓ cup Italian seasoned bread crumbs ', '1  egg ', '2 cloves garlic, minced ', '1 teaspoon Italian seasoning ', '½ teaspoon salt']
Recipe details: {'Prep Time:': '10 mins', 'Cook Time:': '20 mins', 'Additional Time:': '5 mins', 'Total Time:': '35 mins', 'Servings:': '4', 'Yield:': '16 meatballs'}
Number of reviews: 36
Rating: 4.8
Nutritional facts: {'Calories': '457', 'Fat': '33g', 'Carbs': '8g', 'Protein': '30g'}
Publish date: 2022
Categories: ['Recipes', 'Main Dishes', 'Meatball Recipes']

Recipe: Easy Air Fryer Baked Potatoes Recipe
Ingredients: ['4 large baking potatoes, scrubbed ', '2 tablespoons olive oil ', '  kosher salt and freshly ground black pepper to taste ', '½ teaspoon garlic powder, or to taste ', '½ teaspoon dried parsley, or to taste ', '4 tablespoons butter']
Recipe details: {'Prep Time:': '10 mins', 'Cook Time:': '40 mins', 'Total Time:': '50 mins', 'Servings:': '4'}
Number of reviews: 24
Rating: 4.7
Nutritional facts: {'Calories': '448', 'Fat': '19g', 'Carbs': '65g', 'Protein': '8g'}
Publish date: 2023
Categories: ['Recipes', 'Side Dish', 'Potato', 'Baked Potato Recipes']

Recipe: Air Fryer Roasted Asparagus Recipe
Ingredients: ['1 bunch fresh asparagus, trimmed ', '  avocado oil cooking spray ', '½ teaspoon garlic powder ', '½ teaspoon Himalayan pink salt ', '¼ teaspoon ground multi-colored peppercorns ', '¼ teaspoon red pepper flakes ', '¼ cup freshly grated Parmesan cheese']
Recipe details: {'Prep Time:': '10 mins', 'Cook Time:': '10 mins', 'Total Time:': '20 mins', 'Servings:': '2'}
Number of reviews: 18
Rating: 4.6
Nutritional facts: {'Calories': '94', 'Fat': '3g', 'Carbs': '10g', 'Protein': '9g'}
Publish date: 2023
Categories: ['Recipes', 'Side Dish', 'Vegetables', 'Asparagus']

Recipe: Air Fryer Chicken Thighs Recipe
Ingredients: ['4  skin-on, boneless chicken thighs ', '2 teaspoons extra-virgin olive oil ', '1 teaspoon smoked paprika ', '¾ teaspoon garlic powder ', '½ teaspoon salt ', '½ teaspoon ground black pepper']
Recipe details: {'Prep Time:': '10 mins', 'Cook Time:': '20 mins', 'Total Time:': '30 mins', 'Servings:': '4'}
Number of reviews: 116
Rating: 4.7
Nutritional facts: {'Calories': '213', 'Fat': '14g', 'Carbs': '1g', 'Protein': '19g'}
Publish date: 2022
Categories: ['Everyday Cooking', 'Cookware and Equipment', 'Air Fryer', 'Main Dishes']

Recipe: Simple Air Fryer Brussels Sprouts Recipe
Ingredients: ['1 ½ pounds Brussels sprouts ', '2 tablespoons olive oil ', '1 teaspoon garlic powder ', '1 teaspoon salt ', '½ teaspoon ground black pepper']
Recipe details: {'Cook Time:': '15 mins', 'Additional Time:': '15 mins', 'Total Time:': '30 mins', 'Servings:': '6'}
Number of reviews: 24
Rating: 4.4
Nutritional facts: {'Calories': '91', 'Fat': '5g', 'Carbs': '11g', 'Protein': '4g'}
Publish date: 2022
Categories: ['Recipes', 'Side Dish', 'Vegetables', 'Brussels Sprouts']

Recipe: Air Fryer Meatloaf Recipe
Ingredients: ['1 pound lean ground beef ', '1 small onion, finely chopped ', '1 large egg, lightly beaten ', '3 tablespoons dry bread crumbs ', '1 tablespoon chopped fresh thyme ', '1 teaspoon salt ', '  ground black pepper to taste ', '2  mushrooms, thickly sliced ', '1 tablespoon olive oil, or as needed']
Recipe details: {'Prep Time:': '10 mins', 'Cook Time:': '25 mins', 'Additional Time:': '10 mins', 'Total Time:': '45 mins', 'Servings:': '4'}
Number of reviews: 46
Rating: 4.3
Nutritional facts: {'Calories': '297', 'Fat': '19g', 'Carbs': '6g', 'Protein': '25g'}
Publish date: 2022
Categories: ['Recipes', 'Main Dishes', 'Meatloaf Recipes', 'Beef Meatloaf Recipes']

Recipe: Easy Air Fryer Pork Chops Recipe
Ingredients: ['½ cup grated Parmesan cheese ', '1 teaspoon paprika ', '1 teaspoon garlic powder ', '1 teaspoon kosher salt ', '1 teaspoon dried parsley ', '½ teaspoon ground black pepper ', '4 (5 ounce) boneless pork chops ', '2 tablespoons extra virgin olive oil']
Recipe details: {'Prep Time:': '5 mins', 'Cook Time:': '20 mins', 'Total Time:': '25 mins', 'Servings:': '4'}
Number of reviews: 126
Rating: 4.8
Nutritional facts: {'Calories': '305', 'Fat': '17g', 'Carbs': '2g', 'Protein': '35g'}
Publish date: 2023
Categories: ['Everyday Cooking', 'Cookware and Equipment', 'Air Fryer', 'Main Dishes']

Recipe: Air Fryer Sweet Potato Fries Recipe
Ingredients: ['1 medium sweet potato, peeled ', '1 tablespoon canola oil ', '½ teaspoon kosher salt ', '¼ teaspoon pepper ', '⅛ teaspoon garlic powder ', '⅛ teaspoon ground sweet paprika']
Recipe details: {'Prep Time:': '10 mins', 'Cook Time:': '10 mins', 'Total Time:': '20 mins', 'Servings:': '2'}
Number of reviews: 56
Rating: 4.6
Nutritional facts: {'Calories': '119', 'Fat': '7g', 'Carbs': '14g', 'Protein': '1g'}
Publish date: 2023
Categories: ['Everyday Cooking', 'Cookware and Equipment', 'Air Fryer', 'Side Dishes']

Recipe: Air Fryer Roasted Garlic Recipe
Ingredients: ['1 head garlic ', '  aluminum foil ', '1 teaspoon extra-virgin olive oil ', '¼ teaspoon salt ', '¼ teaspoon ground black pepper']
Recipe details: {'Prep Time:': '5 mins', 'Cook Time:': '20 mins', 'Total Time:': '25 mins', 'Servings:': '4'}
Number of reviews: 14
Rating: 4.6
Nutritional facts: {'Calories': '32', 'Fat': '1g', 'Carbs': '5g', 'Protein': '1g'}
Publish date: 2022
Categories: ['Recipes', 'Fruits and Vegetables', 'Vegetables', 'Garlic']

Recipe: Air Fryer Chicken Taquitos Recipe
Ingredients: ['1 teaspoon vegetable oil ', '2 tablespoons diced onion ', '1 clove garlic, minced ', '2 tablespoons chopped green chiles (such as Ortega®) ', '2 tablespoons Mexican-style hot tomato sauce (such as El Pato®) ', '1 cup shredded rotisserie chicken ', '½ cup shredded Mexican cheese blend ', '2 tablespoons Neufchâtel cheese ', '  salt and ground black pepper to taste ', '6  corn tortillas ', '  avocado oil cooking spray']
Recipe details: {'Prep Time:': '10 mins', 'Cook Time:': '20 mins', 'Total Time:': '30 mins', 'Servings:': '6', 'Yield:': '6 taquitos'}
Number of reviews: 35
Rating: 4.8
Nutritional facts: {'Calories': '174', 'Fat': '9g', 'Carbs': '13g', 'Protein': '10g'}
Publish date: 2022
Categories: ['Recipes', 'Appetizers and Snacks', 'Meat and Poultry', 'Chicken']

Recipe: Air Fryer Baked Potatoes Recipe
Ingredients: ['2 large russet potatoes, scrubbed ', '1 tablespoon peanut oil ', '½ teaspoon coarse sea salt']
Recipe details: {'Prep Time:': '5 mins', 'Cook Time:': '1 hrs', 'Total Time:': '1 hrs 5 mins', 'Servings:': '2', 'Yield:': '2 baked potatoes'}
Number of reviews: 54
Rating: 4.8
Nutritional facts: {'Calories': '344', 'Fat': '7g', 'Carbs': '65g', 'Protein': '8g'}
Publish date: 2022
Categories: ['Everyday Cooking', 'Cookware and Equipment', 'Air Fryer', 'Side Dishes']

Recipe: Air-Fryer Roasted Veggies Recipe
Ingredients: ['½ cup diced zucchini ', '½ cup diced summer squash ', '½ cup diced mushrooms ', '½ cup diced cauliflower ', '½ cup diced asparagus ', '½ cup diced sweet red pepper ', '2 teaspoons vegetable oil ', '¼ teaspoon salt ', '¼ teaspoon ground black pepper ', '  1/4 teaspoon seasoning, or more to taste']
Recipe details: {'Prep Time:': '20 mins', 'Cook Time:': '10 mins', 'Total Time:': '30 mins', 'Servings:': '4'}
Number of reviews: 9
Rating: 4.7
Nutritional facts: {'Calories': '37', 'Fat': '2g', 'Carbs': '3g', 'Protein': '1g'}
Publish date: 2023
Categories: ['Side Dish', 'Vegetables', 'Squash', 'Zucchini']

Recipe: Air Fryer Sausage Patties Recipe
Ingredients: ['1 (12 ounce) package sausage patties (such as Johnsonville®) ', '1  serving nonstick cooking spray']
Recipe details: {'Prep Time:': '5 mins', 'Cook Time:': '10 mins', 'Total Time:': '15 mins', 'Servings:': '4'}
Number of reviews: 10
Rating: 4.9
Nutritional facts: {'Calories': '145', 'Fat': '9g', 'Carbs': '1g', 'Protein': '14g'}
Publish date: 2023
Categories: ['Recipes', 'Breakfast and Brunch', 'Meat and Seafood', 'Sausage']

Recipe: Air Fryer Pasta Chips Recipe
Ingredients: ['2 cups farfalle pasta ', '1 tablespoon olive oil ', '½ cup grated Parmesan cheese ', '1 teaspoon garlic powder ', '1 teaspoon Italian seasoning ', '½ teaspoon salt']
Recipe details: {'Prep Time:': '5 mins', 'Cook Time:': '40 mins', 'Additional Time:': '5 mins', 'Total Time:': '50 mins', 'Servings:': '8'}
Number of reviews: 11
Rating: 4.3
Nutritional facts: {'Calories': '72', 'Fat': '3g', 'Carbs': '7g', 'Protein': '3g'}
Publish date: 2023
Categories: ['Recipes', 'Appetizers and Snacks', 'Snacks', 'Snack Chip Recipes']

Recipe: Air Fryer French Fries Recipe
Ingredients: ['1 pound russet potatoes, peeled ', '2 teaspoons vegetable oil ', '1 pinch cayenne pepper ', '½ teaspoon kosher salt']
Recipe details: {'Prep Time:': '10 mins', 'Cook Time:': '25 mins', 'Additional Time:': '25 mins', 'Total Time:': '1 hrs', 'Servings:': '4'}
Number of reviews: 37
Rating: 4.8
Nutritional facts: {'Calories': '108', 'Fat': '2g', 'Carbs': '20g', 'Protein': '2g'}
Publish date: 2023
Categories: ['Recipes', 'Side Dish', 'Fries Recipes', 'French Fries Recipes']

Recipe: Air Fryer Tilapia with Fresh Lemon Pepper Recipe
Ingredients: ['4 (6 ounce) tilapia fillets ', '2 tablespoons lemon zest ', '2 tablespoons olive oil ', '2 cloves garlic, minced ', '1 ½ teaspoons coarsely ground black peppercorns ', '½ teaspoon salt ', '1 pinch paprika, or to taste ', '  cooking spray ', '1 sprig parsley, chopped, or more to taste ', '4 wedges lemon']
Recipe details: {'Prep Time:': '10 mins', 'Cook Time:': '10 mins', 'Total Time:': '20 mins', 'Servings:': '4', 'Yield:': '4 tilapia fillets'}
Number of reviews: 6
Rating: 4.7
Nutritional facts: {'Calories': '239', 'Fat': '9g', 'Carbs': '3g', 'Protein': '35g'}
Publish date: July 9, 2020
Categories: ['Recipes', 'Seafood', 'Fish', 'Tilapia']

Recipe: Air Fryer Lobster Tails with Lemon-Garlic Butter Recipe
Ingredients: ['2 (4 ounce) lobster tails ', '4 tablespoons butter ', '1 teaspoon lemon zest ', '1 clove garlic, grated ', '  salt and ground black pepper to taste ', '1 teaspoon chopped fresh parsley ', '2 wedges lemon']
Recipe details: {'Prep Time:': '10 mins', 'Cook Time:': '10 mins', 'Total Time:': '20 mins', 'Servings:': '2', 'Yield:': '2 lobster tails'}
Number of reviews: 24
Rating: 4.8
Nutritional facts: {'Calories': '313', 'Fat': '26g', 'Carbs': '3g', 'Protein': '18g'}
Publish date: 2023
Categories: ['Recipes', 'Seafood', 'Shellfish', 'Lobster']

Recipe: Air Fryer Chicken Cordon Bleu Recipe
Ingredients: ['2  boneless, skinless chicken breasts ', '  salt and ground black pepper to taste ', '1 tablespoon Dijon mustard ', '4 slices deli Swiss cheese ', '4 slices deli ham ', '  2 toothpicks ', '¼ cup all-purpose flour ', '1  egg, beaten ', '1 cup panko bread crumbs ', '⅓ cup grated Parmesan cheese ', '  cooking spray']
Recipe details: {'Prep Time:': '15 mins', 'Cook Time:': '20 mins', 'Additional Time:': '5 mins', 'Total Time:': '40 mins', 'Servings:': '2'}
Number of reviews: 30
Rating: 4.6
Nutritional facts: {'Calories': '728', 'Fat': '32g', 'Carbs': '57g', 'Protein': '64g'}
Publish date: 2022
Categories: ['Recipes', 'Main Dishes', 'Chicken', 'Chicken Cordon Bleu Recipes']

Recipe: Air Fryer Roasted Okra Recipe
Ingredients: ['½ pound okra, ends trimmed and pods sliced ', '1 teaspoon olive oil ', '¼ teaspoon salt ', '⅛ teaspoon ground black pepper']
Recipe details: {'Prep Time:': '5 mins', 'Cook Time:': '15 mins', 'Total Time:': '20 mins', 'Servings:': '1'}
Number of reviews: 14
Rating: 4.6
Nutritional facts: {'Calories': '113', 'Fat': '5g', 'Carbs': '16g', 'Protein': '5g'}
Publish date: 2022
Categories: ['Recipes', 'Side Dish', 'Vegetables']

Recipe: Crumbed Chicken Tenderloins (Air Fried) Recipe
Ingredients: ['1 large egg ', '½ cup dry bread crumbs ', '2 tablespoons vegetable oil ', '8  chicken tenderloins']
Recipe details: {'Prep Time:': '15 mins', 'Cook Time:': '15 mins', 'Total Time:': '30 mins', 'Servings:': '4', 'Yield:': '8 tenderloins'}
Number of reviews: 142
Rating: 4.7
Nutritional facts: {'Calories': '253', 'Fat': '11g', 'Carbs': '10g', 'Protein': '26g'}
Publish date: 2023
Categories: ['Recipes', 'Meat and Poultry', 'Chicken']

Recipe: Air Fryer Rib-Eye Steak Recipe
Ingredients: ['2  rib-eye steaks, cut 1 1/2- inch thick ', '½ cup reduced-sodium soy sauce ', '¼ cup olive oil ', '4 teaspoons grill seasoning (such as Montreal Steak Seasoning®)']
Recipe details: {'Prep Time:': '5 mins', 'Cook Time:': '15 mins', 'Additional Time:': '2 hrs 5 mins', 'Total Time:': '2 hrs 25 mins', 'Servings:': '2'}
Number of reviews: 15
Rating: 4.5
Nutritional facts: {'Calories': '652', 'Fat': '49g', 'Carbs': '8g', 'Protein': '44g'}
Publish date: 2023
Categories: ['Meat and Poultry', 'Beef', 'Steaks', 'Rib-Eye Steak Recipes']

Recipe: Air Fryer Calamari Recipe
Ingredients: ['½ cup all-purpose flour ', '1 large egg ', '¼ cup milk ', '2 cups panko bread crumbs ', '1 teaspoon sea salt ', '1 teaspoon ground black pepper ', '1 pound calamari rings, patted dry ', '  nonstick cooking spray']
Recipe details: {'Prep Time:': '10 mins', 'Cook Time:': '10 mins', 'Total Time:': '20 mins', 'Servings:': '4'}
Number of reviews: 4
Rating: 4.4
Nutritional facts: {'Calories': '297', 'Fat': '5g', 'Carbs': '51g', 'Protein': '25g'}
Publish date: 2022
Categories: ['Recipes', 'Appetizers and Snacks', 'Tapas']

Recipe: Air Fryer Chicken Katsu with Homemade Katsu Sauce Recipe
Ingredients: ['½ cup ketchup ', '2 tablespoons soy sauce ', '1 tablespoon brown sugar ', '1 tablespoon sherry ', '2 teaspoons Worcestershire sauce ', '1 teaspoon minced garlic1 pound boneless skinless chicken breast, sliced in half horizontally ', '1 pinch salt and ground black pepper to taste ', '2 large eggs, beaten ', '1 ½ cups panko bread crumbs ', '  cooking spray']
Recipe details: {'Prep Time:': '20 mins', 'Cook Time:': '20 mins', 'Total Time:': '40 mins', 'Servings:': '4'}
Number of reviews: 27
Rating: 4.5
Nutritional facts: {'Calories': '318', 'Fat': '7g', 'Carbs': '41g', 'Protein': '32g'}
Publish date: 2022
Categories: ['Recipes', 'Cuisine', 'Asian', 'Japanese']

Recipe: Air Fryer Hasselback Potatoes Recipe
Ingredients: ['4 medium Yukon Gold potatoes ', '3 tablespoons melted butter ', '1 tablespoon olive oil ', '3 cloves garlic, crushed ', '½ teaspoon ground paprika ', '  salt and ground black pepper to taste ', '1 tablespoon chopped fresh parsley']
Recipe details: {'Prep Time:': '15 mins', 'Cook Time:': '30 mins', 'Total Time:': '45 mins', 'Servings:': '4', 'Yield:': '4 potatoes'}
Number of reviews: 21
Rating: 4.1
Nutritional facts: {'Calories': '207', 'Fat': '12g', 'Carbs': '23g', 'Protein': '3g'}
Publish date: 2023
Categories: ['Recipes', 'Side Dish', 'Potato']

Recipe: Air Fryer Bacon Recipe
Ingredients: ['½ (16 ounce) package bacon']
Recipe details: {'Prep Time:': '5 mins', 'Cook Time:': '15 mins', 'Total Time:': '20 mins', 'Servings:': '6', 'Yield:': '1/2 pound'}
Number of reviews: 23
Rating: 4.0
Nutritional facts: {'Calories': '67', 'Fat': '5g', 'Carbs': '0g', 'Protein': '5g'}
Publish date: 2023
Categories: ['Recipes', 'Side Dish']

Recipe: Air Fryer Roasted Bananas Recipe
Ingredients: ['1  banana, sliced into 1/8-inch thick diagonals ', '  avocado oil cooking spray']
Recipe details: {'Prep Time:': '5 mins', 'Cook Time:': '10 mins', 'Total Time:': '15 mins', 'Servings:': '1'}
Number of reviews: 9
Rating: 4.5
Nutritional facts: {'Calories': '107', 'Fat': '1g', 'Carbs': '27g', 'Protein': '1g'}
Publish date: 2023
Categories: ['Recipes', 'Desserts', 'Fruit Desserts', 'Banana Dessert Recipes']

Recipe: Air Fryer Scotch Eggs Recipe
Ingredients: ['3 tablespoons Greek yogurt ', "2 tablespoons mango chutney (such as Patak's®) ", '1 tablespoon mayonnaise ', '⅛ teaspoon salt ', '⅛ teaspoon pepper ', '⅛ teaspoon curry powder ', '⅛ teaspoon cayenne pepper (Optional)1 pound pork sausage (such as Jimmy Dean®) ', '6  eggs, hard-boiled and shelled ', '⅓ cup flour ', '2  eggs, lightly beaten ', '1 cup panko bread crumbs ', '  cooking spray']
Recipe details: {'Prep Time:': '15 mins', 'Cook Time:': '15 mins', 'Total Time:': '30 mins', 'Servings:': '6', 'Yield:': '6 scotch eggs'}
Number of reviews: 29
Rating: 4.8
Nutritional facts: {'Calories': '407', 'Fat': '28g', 'Carbs': '22g', 'Protein': '21g'}
Publish date: 2023
Categories: ['Recipes', 'Breakfast and Brunch', 'Eggs']

Recipe: Air Fryer Eggplant Parmesan Recipe
Ingredients: ['½ cup Italian bread crumbs ', '¼ cup freshly grated Parmesan cheese ', '1 teaspoon Italian seasoning ', '1 teaspoon salt ', '½ teaspoon dried basil ', '½ teaspoon garlic powder ', '½ teaspoon onion powder ', '½ teaspoon freshly ground black pepper ', '¼ cup flour ', '2 large eggs, beaten ', '1 medium eggplant, sliced into 1/2-inch rounds ', '1 cup marinara sauce, or more to taste ', '8 slices mozzarella cheese, or as needed']
Recipe details: {'Prep Time:': '15 mins', 'Cook Time:': '20 mins', 'Total Time:': '35 mins', 'Servings:': '4'}
Number of reviews: 62
Rating: 4.7
Nutritional facts: {'Calories': '377', 'Fat': '16g', 'Carbs': '36g', 'Protein': '24g'}
Publish date: 2023
Categories: ['Recipes', 'Appetizers and Snacks', 'Cheese']

Recipe: Air Fryer Zucchini Chips Recipe
Ingredients: ['1 cup panko bread crumbs ', '¾ cup grated Parmesan cheese ', '1 medium zucchini, thinly sliced ', '1 large egg, beaten ', '  cooking spray']
Recipe details: {'Prep Time:': '10 mins', 'Cook Time:': '25 mins', 'Total Time:': '35 mins', 'Servings:': '4'}
Number of reviews: 53
Rating: 4.5
Nutritional facts: {'Calories': '160', 'Fat': '7g', 'Carbs': '21g', 'Protein': '11g'}
Publish date: 2023
Categories: ['Recipes', 'Appetizers and Snacks', 'Vegetable', 'Zucchini Appetizer Recipes']

Recipe: Air Fryer Fingerling Potatoes Recipe
Ingredients: ['1 pound fingerling potatoes, halved lengthwise ', '1 tablespoon olive oil ', '½ teaspoon ground paprika ', '½ teaspoon parsley flakes ', '½ teaspoon garlic powder ', '  salt and ground black pepper to taste']
Recipe details: {'Prep Time:': '10 mins', 'Cook Time:': '15 mins', 'Total Time:': '25 mins', 'Servings:': '4'}
Number of reviews: 8
Rating: 4.8
Nutritional facts: {'Calories': '120', 'Fat': '4g', 'Carbs': '20g', 'Protein': '2g'}
Publish date: 2022
Categories: ['Recipes', 'Side Dish', 'Potato']

Recipe: Air Fryer Rotisserie Chicken Recipe
Ingredients: ['1 tablespoon sea salt ', '2 teaspoons ground paprika ', '1 teaspoon onion powder ', '1 teaspoon ground thyme ', '1 teaspoon ground white pepper ', '½ teaspoon ground black pepper ', '½ teaspoon cayenne pepper ', '½ teaspoon garlic powder ', '3 tablespoons vegetable oil, divided ', '1 (4 pound) whole fryer chicken, giblets removed']
Recipe details: {'Prep Time:': '5 mins', 'Cook Time:': '1 hrs', 'Additional Time:': '10 mins', 'Total Time:': '1 hrs 15 mins', 'Servings:': '6'}
Number of reviews: 13
Rating: 4.8
Nutritional facts: {'Calories': '351', 'Fat': '18g', 'Carbs': '2g', 'Protein': '43g'}
Publish date: January 7, 2019
Categories: ['Everyday Cooking', 'Cookware and Equipment', 'Air Fryer', 'Main Dishes']

Recipe: Dry-Rub Air-Fried Chicken Wings Recipe
Ingredients: ['1 tablespoon dark brown sugar ', '1 tablespoon sweet paprika ', '½ tablespoon kosher salt ', '1 teaspoon garlic powder ', '1 teaspoon onion powder ', '1 teaspoon poultry seasoning ', '½ teaspoon mustard powder ', '½ teaspoon freshly ground black pepper ', '8  chicken wings, or more as needed']
Recipe details: {'Prep Time:': '10 mins', 'Cook Time:': '35 mins', 'Total Time:': '45 mins', 'Servings:': '2', 'Yield:': '8 wings'}
Number of reviews: 28
Rating: 4.6
Nutritional facts: {'Calories': '318', 'Fat': '19g', 'Carbs': '11g', 'Protein': '26g'}
Publish date: 2023
Categories: ['Meat and Poultry', 'Chicken', 'Wings', 'Buffalo']

Recipe: Homemade Croutons in the Air Fryer Recipe
Ingredients: ['4 slices white bread, cubed ', '1 teaspoon parsley flakes ', '½ teaspoon garlic powder ', '½ teaspoon seasoned salt ', '3 tablespoons unsalted butter, melted']
Recipe details: {'Prep Time:': '5 mins', 'Cook Time:': '10 mins', 'Additional Time:': '5 mins', 'Total Time:': '20 mins', 'Servings:': '6'}
Number of reviews: 19
Rating: 4.9
Nutritional facts: {'Calories': '97', 'Fat': '6g', 'Carbs': '9g', 'Protein': '1g'}
Publish date: 2023
Categories: ['Recipes', 'Side Dish', 'Sauces and Condiments', 'Crouton Recipes']

Recipe: Air Fryer Buttermilk Fried Chicken Recipe
Ingredients: ['1 ½ pounds boneless, skinless chicken thighs ', '2 cups buttermilk ', '1 cup all-purpose flour ', '1 tablespoon seasoned salt ', '½ tablespoon ground black pepper ', '1 cup panko bread crumbs ', '  cooking spray']
Recipe details: {'Prep Time:': '5 mins', 'Cook Time:': '30 mins', 'Additional Time:': '4 hrs', 'Total Time:': '4 hrs 35 mins', 'Servings:': '6'}
Number of reviews: 5
Rating: 4.6
Nutritional facts: {'Calories': '335', 'Fat': '13g', 'Carbs': '33g', 'Protein': '25g'}
Publish date: 2022
Categories: ['Recipes', 'Meat and Poultry', 'Chicken', 'Chicken Thigh Recipes']

Recipe: Air-Fried Roasted Sweet Peppers and Onions Recipe
Ingredients: ['1 cup sliced green bell pepper ', '1 cup sliced red bell pepper ', '1 cup sliced red onion ', '1 tablespoon olive oil ', '½ teaspoon kosher salt ', '2 tablespoons chopped fresh cilantro ', '1 tablespoon fresh lime juice']
Recipe details: {'Prep Time:': '15 mins', 'Cook Time:': '10 mins', 'Total Time:': '25 mins', 'Servings:': '4'}
Number of reviews: 4
Rating: 4.5
Nutritional facts: {'Calories': '55', 'Fat': '4g', 'Carbs': '6g', 'Protein': '1g'}
Publish date: 2022
Categories: ['Recipes', 'Side Dish', 'Vegetables', 'Onion']

Recipe: Breaded Air Fryer Pork Chops Recipe
Ingredients: ['4 (5 ounce) boneless, center-cut pork chops, 1-inch thick ', '1 teaspoon Cajun seasoning ', '1 ½ cups cheese and garlic croutons ', '2 large eggs ', '  cooking spray']
Recipe details: {'Prep Time:': '10 mins', 'Cook Time:': '10 mins', 'Total Time:': '20 mins', 'Servings:': '4'}
Number of reviews: 58
Rating: 4.7
Nutritional facts: {'Calories': '327', 'Fat': '15g', 'Carbs': '10g', 'Protein': '35g'}
Publish date: 2023
Categories: ['Recipes', 'Main Dishes', 'Pork', 'Pork Chop Recipes']

Recipe: Brandied Cherries Recipe
Ingredients: ['1 cup white sugar ', '3/4 cup water ', '1 star anise pod (optional) ', '1 cup brandy ', '1 pound fresh sweet or sour cherries, pitted']
Recipe details: {'Prep Time:': '10 mins', 'Cook Time:': '3 mins', 'Refrigerate Time:': '8 hrs', 'Total Time:': '8 hrs 13 mins', 'Servings:': '48 servings'}
Number of reviews: 0
Rating: None
Nutritional facts: {'Calories': '30', 'Fat': '0g', 'Carbs': '6g', 'Protein': '0g'}
Publish date: March 14, 2023
Categories: ['Recipes', 'Fruits and Vegetables', 'Fruits', 'Cherries']

Recipe: Garlic and Herb Baked Gruyere Recipe
Ingredients: ['6 ounces Gruyere cheese, cut into small cubes ', '2 teaspoons chopped fresh dill ', '1 teaspoon ranch seasoning and salad dressing mix (such as Hidden Valley®) ', '1 teaspoon chopped fresh thyme leaves ', '1 clove garlic, crushed ', 'olive oil cooking spray']
Recipe details: {'Prep Time:': '5 mins', 'Cook Time:': '5 mins', 'Total Time:': '10 mins', 'Servings:': '2 servings'}
Number of reviews: 0
Rating: None
Nutritional facts: {'Calories': '359', 'Fat': '28g', 'Carbs': '2g', 'Protein': '26g'}
Publish date: March 9, 2023
Categories: ['Recipes', 'Appetizers and Snacks', 'Cheese']

Recipe: Sheet Pan Balsamic Pork Tenderloin with Rainbow Vegetables Recipe
Ingredients: ['4 tablespoons olive oil, divided ', '2  dates, pitted and chopped, or to taste ', '3 tablespoons white balsamic vinegar ', '2 teaspoons minced fresh rosemary ', '1 teaspoon sliced garlic ', '1 teaspoon salt, or to taste ', '½ teaspoon freshly ground black pepper, or to taste ', '6 cups 1/2-inch x 2-inch rainbow carrot sticks ', '4 cups 1/2-inch x 2-inch peeled, seeded butternut squash chunks ', '½  red onion, sliced lengthwise ', '2 (1 1/4 pound) pork tenderloins']
Recipe details: {'Prep Time:': '15 mins', 'Cook Time:': '45 mins', 'Total Time:': '1 hrs', 'Servings:': '8'}
Number of reviews: 0
Rating: None
Nutritional facts: {'Calories': '306', 'Fat': '12g', 'Carbs': '19g', 'Protein': '31g'}
Publish date: February 27, 2023
Categories: ['Recipes', 'Meat and Poultry', 'Pork', 'Pork Tenderloin Recipes']

Recipe: Crustless Taco Pie Recipe
Ingredients: ['1 pound lean ground beef ', '3 tablespoons bold taco seasoning ', '6 large eggs ', '⅓ cup heavy cream ', '¼ teaspoon granulated garlic ', '1 cup shredded Cheddar cheese']
Recipe details: {'Prep Time:': '10 mins', 'Cook Time:': '40 mins', 'Cool Time:': '5 mins', 'Total Time:': '55 mins', 'Servings:': '6'}
Number of reviews: 0
Rating: 5.0
Nutritional facts: {'Calories': '408', 'Fat': '32g', 'Carbs': '4g', 'Protein': '25g'}
Publish date: February 25, 2023
Categories: ['Recipes', 'Cuisine', 'Latin American', 'Mexican']

Recipe: One-Dish Meatball and Ravioli Casserole Recipe
Ingredients: ['1 (24 ounce) jar marinara sauce ', '1 (9 ounce) package frozen cheese ravioli ', '1 (14 ounce) package frozen cooked meatballs, thawed ', '2 cups shredded mozzarella cheese ', '¼ cup grated Parmesan cheese, or more to taste ', '¼ teaspoon crushed red pepper flakes, or to taste (Optional)']
Recipe details: {'Prep Time:': '10 mins', 'Cook Time:': '40 mins', 'Total Time:': '50 mins', 'Servings:': '6'}
Number of reviews: 0
Rating: None
Nutritional facts: {'Calories': '450', 'Fat': '22g', 'Carbs': '34g', 'Protein': '28g'}
Publish date: February 25, 2023
Categories: ['Recipes', 'Main Dishes', 'Casserole Recipes', 'Beef']

Recipe: Sweet and Sour Pork Stir Fry Recipe
Ingredients: ['1 pound pork loin, cut into bite-sized pieces ', '1 tablespoon Chinese five-spice powder ', '¼ cup vegetable oil, divided, or as needed ', '½  red bell pepper, cut into bite-sized pieces ', '½  yellow bell pepper, cut into bite-sized pieces ', '½  orange bell pepper, cut into bite-sized pieces ', '½  red onion, cut into bite-sized pieces ', '3 cloves garlic, chopped ', '1 cup chopped broccoli ', '1 cup fresh pineapple, cut into bite-size chunks ', '¼ cup sweet and sour sauce']
Recipe details: {'Prep Time:': '15 mins', 'Cook Time:': '15 mins', 'Total Time:': '30 mins', 'Servings:': '4'}
Number of reviews: 6
Rating: 3.7
Nutritional facts: {'Calories': '408', 'Fat': '28g', 'Carbs': '15g', 'Protein': '24g'}
Publish date: February 25, 2023
Categories: ['Recipes', 'Main Dishes', 'Stir-Fry', 'Pork']

Recipe: Baked Gochujang Chicken Wings Recipe
Ingredients: ['½ cup gochujang (Korean hot pepper paste) ', '1 cup soy sauce ', '1 cup honey ', '¼ cup rice vinegar ', '2 tablespoons freshly grated ginger ', '4 cloves garlic, chopped ', '1 teaspoon salt ', '1 teaspoon freshly ground black pepper ', '10  whole chicken wings3 tablespoons chopped fresh cilantro ', '2  green onions, thinly sliced ', '2 tablespoons butter ', '½ teaspoon sesame oil ', '½ teaspoon freshly ground black pepper ', '½  lime, juiced']
Recipe details: {'Prep Time:': '20 mins', 'Cook Time:': '50 mins', 'Marinate Time:': '1 hrs', 'Total Time:': '2 hrs 10 mins', 'Servings:': '4'}
Number of reviews: 0
Rating: None
Nutritional facts: {'Calories': '938', 'Fat': '43g', 'Carbs': '94g', 'Protein': '47g'}
Publish date: February 25, 2023
Categories: ['Meat and Poultry', 'Chicken', 'Baked and Roasted', 'Wings']

Recipe: Meatball Casserole Recipe
Ingredients: ['8 (10 ounce) packages rotini pasta ', '1 (24 ounce) jar prepared marinara sauce ', '1 cup water ', '½ cup prepared pizza sauce ', '½ cup milk ', '10  frozen cooked meatballs, thawed ', '¼ cup grated Parmesan cheese, or to taste']
Recipe details: {'Prep Time:': '10 mins', 'Cook Time:': '45 mins', 'Total Time:': '55 mins', 'Servings:': '4'}
Number of reviews: 0
Rating: None
Nutritional facts: {'Calories': '2425', 'Fat': '24g', 'Carbs': '450g', 'Protein': '91g'}
Publish date: February 25, 2023
Categories: ['Recipes', 'Main Dishes', 'Casserole Recipes']

Recipe: Spicy Shrimp Ramen Noodles with Asparagus Recipe
Ingredients: ['2 teaspoons sesame oil, divided ', '8 ounces medium shrimp, peeled and deveined ', '¼ cup chopped carrot ', '4 ounces button mushrooms, sliced ', '4 cups vegetable broth ', '1 tablespoon hoisin sauce ', '1 tablespoon soy sauce ', '2 teaspoons chile-garlic sauce (such as Sriracha®) ', '5  fresh asparagus, trimmed and chopped ', '2 (3 ounce) packages instant ramen noodles, flavor packet discarded ', '2  green onions, chopped']
Recipe details: {'Prep Time:': '5 mins', 'Cook Time:': '20 mins', 'Total Time:': '25 mins', 'Servings:': '2'}
Number of reviews: 0
Rating: None
Nutritional facts: {'Calories': '637', 'Fat': '22g', 'Carbs': '72g', 'Protein': '37g'}
Publish date: February 25, 2023
Categories: ['Recipes', 'Pasta and Noodles', 'Noodle Recipes', 'Ramen Noodle Recipes']

Recipe: No-Tortilla Fish Taco Bowls Recipe
Ingredients: ['1 ½ teaspoons onion powder ', '1 teaspoon garlic powder ', '1 teaspoon smoked paprika ', '¼ teaspoon dried thyme ', '½ teaspoon cayenne pepper, or to taste ', '½ teaspoon salt, or to taste ', '¼ teaspoon freshly ground black pepper, or to taste ', '2  limes, divided ', '6 tablespoons olive oil, divided ', '1 ½ pounds skinless cod fillets, about 1-inch thick4 cups shredded green and red cabbage ', '1 cup shredded carrots ', '2 tablespoons olive oil ', '½ teaspoon salt, or to taste ', '½ teaspoon ground cumin½ cup mayonnaise ', '2  chipotle peppers in adobo sauce, minced ', '¼ teaspoon salt, or to taste ', '¼ teaspoon cayenne pepper, or to taste¼ cup chopped fresh cilantro ', '½ cup prepared guacamole ', '  lime wedges ', '1 cup chopped fresh tomatoes']
Recipe details: {'Prep Time:': '20 mins', 'Cook Time:': '6 mins', 'Refrigerate Time:': '1 day 6 hrs', 'Total Time:': '1 day 6 hrs 26 mins', 'Servings:': '4'}
Number of reviews: 0
Rating: None
Nutritional facts: {'Calories': '678', 'Fat': '54g', 'Carbs': '20g', 'Protein': '34g'}
Publish date: February 25, 2023
Categories: ['Recipes', 'Cuisine', 'Latin American', 'Mexican']

Recipe: Smoked Paprika Chicken Thighs Recipe
Ingredients: ['1 tablespoon smoked paprika ', '1 teaspoon granulated garlic ', '½ teaspoon ancho chile powder ', '½ teaspoon salt ', '¼ teaspoon ground turmeric ', '¼ teaspoon freshly ground black pepper ', '1 tablespoon olive oil ', '1 tablespoon cider vinegar ', '4 large bone-in, skin-on chicken thighs ', '2 tablespoons melted butter ', '2 tablespoons minced fresh parsley (Optional)']
Recipe details: {'Prep Time:': '20 mins', 'Cook Time:': '40 mins', 'Total Time:': '1 hrs', 'Servings:': '4'}
Number of reviews: 4
Rating: 4.6
Nutritional facts: {'Calories': '448', 'Fat': '35g', 'Carbs': '2g', 'Protein': '30g'}
Publish date: February 25, 2023
Categories: ['Meat and Poultry', 'Chicken', 'Baked and Roasted', 'Thighs']

Recipe: Chimichurri Chicken Recipe
Ingredients: ['1 cup packed fresh parsley leaves ', '2 tablespoons fresh oregano leaves ', '1 tablespoon minced garlic ', '½ cup chopped green onion (including green tops) ', '1  jalapeño pepper, seeds and membranes removed, diced ', '2 tablespoons white wine vinegar ', '1 tablespoon fresh lemon juice ', '½ cup olive oil ', '  salt and freshly ground black pepper to taste ', '3 pounds chicken tenders ', '1 ½ teaspoons smoked paprika']
Recipe details: {'Prep Time:': '20 mins', 'Cook Time:': '20 mins', 'Total Time:': '40 mins', 'Servings:': '10'}
Number of reviews: 0
Rating: 5.0
Nutritional facts: {'Calories': '253', 'Fat': '13g', 'Carbs': '2g', 'Protein': '32g'}
Publish date: February 24, 2023
Categories: ['Recipes', 'Meat and Poultry', 'Chicken', 'Chicken Tenders Recipes']

Recipe: Instant Pot Dump and Go Seven Can Soup
Ingredients: ['1 (15.25 ounce) can whole kernel corn, drained ', '1 (15 ounce) can ranch-style beans ', '1 (15 ounce) can no-bean chili ', '1 (14.5 ounce) can cut green beans, drained ', '1 (14.5 ounce) can diced potatoes, drained ', "1 (10.75 ounce) can  condensed nacho cheese soup (such as Campbell's® Fiesta Nacho Cheese) ", '1 (10 ounce) can diced tomatoes and green chiles (such as RO*TEL®)']
Recipe details: {'Prep Time:': '5 mins', 'Cook Time:': '40 mins', 'Release Pressure Time:': '5 mins', 'Total Time:': '50 mins', 'Servings:': '6'}
Number of reviews: 0
Rating: None
Nutritional facts: {'Calories': '288', 'Fat': '7g', 'Carbs': '45g', 'Protein': '15g'}
Publish date: February 24, 2023
Categories: ['Recipes', 'Everyday Cooking', 'Instant Pot¨', 'Soups, Stews and Chili']

Recipe: Creamy Chicken and Mushroom Stroganoff Recipe
Ingredients: ['3 tablespoons butter ', '1 medium onion, diced ', '1 cup sliced mushrooms ', '1 pound skinless, boneless chicken breasts, cut into thin strips ', '1 teaspoon Greek seasoning ', '½ teaspoon freshly ground black pepper ', '1 (12 ounce) package egg noodles ', '½ cup chicken broth ', '½ cup milk ', '½ teaspoon Worcestershire sauce ', '½ cup sour cream ', '2 tablespoons all-purpose flour ', '1 tablespoon chopped fresh parsley, or to taste']
Recipe details: {'Prep Time:': '20 mins', 'Cook Time:': '25 mins', 'Total Time:': '45 mins', 'Servings:': '4'}
Number of reviews: 3
Rating: 5.0
Nutritional facts: {'Calories': '637', 'Fat': '21g', 'Carbs': '70g', 'Protein': '42g'}
Publish date: February 23, 2023
Categories: ['Recipes', 'Main Dishes', 'Chicken']

Recipe: Miso Noodle Soup Recipe
Ingredients: ['2 large eggs ', '1 tablespoon sesame oil ', '2 teaspoons finely grated fresh ginger ', '2 teaspoons finely grated garlic ', '⅓ cup thinly sliced leek (green part) ', '1 ½ cups thinly sliced cabbage ', '½ cup enoki mushrooms ', '4 ounces refrigerated fresh ramen noodles ', '3 cups water ', '2 tablespoons miso paste ', '1 tablespoon soy sauce, or to taste ', '1 teaspoon black sesame seeds, or to taste ', '2 tablespoons sliced green onion, or to taste']
Recipe details: {'Prep Time:': '5 mins', 'Cook Time:': '10 mins', 'Total Time:': '15 mins', 'Servings:': '2'}
Number of reviews: 0
Rating: None
Nutritional facts: {'Calories': '429', 'Fat': '14g', 'Carbs': '59g', 'Protein': '18g'}
Publish date: February 23, 2023
Categories: ['Recipes', 'Soups, Stews and Chili Recipes', 'Soup Recipes', 'Noodle Soup Recipes']

Recipe: Steak and Rice Bowls with Vegetable Relish Recipe
Ingredients: ['1  lime, juiced ', '1  jalapeño pepper, seeded and chopped ', '2 small garlic cloves, chopped ', '2 teaspoons balsamic vinegar ', '1 teaspoon minced fresh ginger root ', '½ teaspoon white sugar ', '½ teaspoon ground cumin ', '½ teaspoon chili powder ', '½ teaspoon salt, or to taste ', '¼ teaspoon cayenne pepper, or to taste ', '¼ teaspoon ground white pepper, or to taste ', '¼ cup chopped fresh cilantro leaves ', '½ cup extra-virgin olive oil ', '1 ½ pounds flank steak (about 1-inch thick)1 (8 ounce) can sweet corn, drained ', '1 (15 ounce) can black beans, rinsed and drained ', '1  red bell pepper, seeded and chopped1 tablespoon unsalted butter ', '1 tablespoon olive oil ', '½ teaspoon low-sodium steak seasoning (such as Montreal Steak Seasoning®)4 cups hot cooked white rice ', '1  avocado - peeled, pitted, and diced ', '4 tablespoons sour cream (Optional) ', '2  green onions, chopped (Optional)']
Recipe details: {'Prep Time:': '1 hrs 10 mins', 'Cook Time:': '10 mins', 'Marinate Time:': '1 hrs', 'Rest Time:': '10 mins', 'Total Time:': '2 hrs 30 mins', 'Servings:': '4'}
Number of reviews: 0
Rating: None
Nutritional facts: {'Calories': '719', 'Fat': '43g', 'Carbs': '75g', 'Protein': '11g'}
Publish date: February 23, 2023
Categories: ['Recipes', 'Main Dishes', 'Bowls']

Recipe: Baked Brie with Honey, Pecans, and Cranberries Recipe
Ingredients: ['1 (8 ounce) wheel Brie cheese ', '2 tablespoons honey ', '1 ½ tablespoons toasted chopped pecans ', '1 ½ tablespoons dried cranberries ', '½ teaspoon minced fresh rosemary (Optional)']
Recipe details: {'Prep Time:': '5 mins', 'Cook Time:': '10 mins', 'Total Time:': '15 mins', 'Servings:': '8'}
Number of reviews: 0
Rating: None
Nutritional facts: {'Calories': '125', 'Fat': '9g', 'Carbs': '6g', 'Protein': '6g'}
Publish date: February 23, 2023
Categories: ['Recipes', 'Appetizers and Snacks', 'Cheese', 'Baked Brie Recipes']

Recipe: Chicken Parmesan Meatballs Recipe
Ingredients: ['1 large egg, beaten ', '¾ cup grated Parmesan cheese ', '1 ¾ cups Italian-style panko bread crumbs, divided ', '1 teaspoon garlic powder ', '1 teaspoon Italian seasoning ', '¾ teaspoon crushed red pepper flakes ', '½ teaspoon salt ', '½ teaspoon freshly ground black pepper ', '1 ½ pounds ground chicken ', '2 tablespoons olive oil, divided ', '2 tablespoons unsalted butter, divided ', '1 (28 ounce) jar marinara sauce ', '½ cup shredded mozzarella cheese ', '2 tablespoons snipped fresh parsley (Optional)']
Recipe details: {'Prep Time:': '20 mins', 'Cook Time:': '40 mins', 'Total Time:': '1 hrs', 'Servings:': '6', 'Yield:': '24 meatballs'}
Number of reviews: 0
Rating: None
Nutritional facts: {'Calories': '836', 'Fat': '26g', 'Carbs': '135g', 'Protein': '24g'}
Publish date: February 23, 2023
Categories: ['Recipes', 'Main Dishes', 'Meatball Recipes']

Recipe: Smash Burgers Recipe
Ingredients: ['1 tablespoon ketchup ', '1 tablespoon mayonnaise ', '½ tablespoon sweet pickle relish ', '1 teaspoon vinegar ', '½ teaspoon white sugar ', '½ teaspoon granulated garlic ', '  salt and freshly ground black pepper to taste1 pound ground beef, at least 20% fat, refrigerated until cold ', '4  hamburger buns, split ', '1 tablespoon butter, or as needed ', '4 slices Cheddar or Colby cheese ', '½ small red onion, sliced ', '  salt and freshly ground black pepper to taste']
Recipe details: {'Prep Time:': '10 mins', 'Cook Time:': '8 mins', 'Total Time:': '18 mins', 'Servings:': '4', 'Yield:': '4 smash burgers'}
Number of reviews: 0
Rating: None
Nutritional facts: {'Calories': '652', 'Fat': '47g', 'Carbs': '25g', 'Protein': '30g'}
Publish date: February 23, 2023
Categories: ['Recipes', 'Main Dishes', 'Burger Recipes', 'Cheeseburger Recipes']

Recipe: Crescent Breakfast Squares Recipe
Ingredients: ['2  12x16-inch parchment paper sheets ', '2 (12 ounce) packages crescent roll dough (such as Pillsbury® Grands!™) ', '8 slices deli ham ', '2 tablespoons Dijon mustard, or more to taste ', '3 tablespoons unsalted butter, divided ', '½ cup diced onion ', '½ cup diced red bell pepper ', '10 large eggs ', '1 tablespoon half-and-half cream or heavy whipping cream ', '1 pinch salt and freshly ground black pepper to taste ', '8 slices Swiss cheese ', "1 tablespoon bagel seasoning (such as Trader Joe's® Everything But the Bagel Seasoning Blend)"]
Recipe details: {'Prep Time:': '30 mins', 'Cook Time:': '25 mins', 'Cool Time:': '15 mins', 'Total Time:': '1 hrs 10 mins', 'Servings:': '8'}
Number of reviews: 1
Rating: 4.5
Nutritional facts: {'Calories': '636', 'Fat': '39g', 'Carbs': '39g', 'Protein': '27g'}
Publish date: February 23, 2023
Categories: ['Everyday Cooking', 'Special Collections', 'Allrecipes Allstar Recipes', 'Breakfast and Brunch']

Recipe: Tex-Mex Pork Crescent Roll Squares Recipe
Ingredients: ['2 (8 ounce) cans refrigerated crescent roll dough ', '2 cups shredded sharp Cheddar cheese, divided ', '¾ pound cooked pulled pork, or any diced, cooked pork ', '1 (15 ounce) can black beans, rinsed and drained ', '1 (10 ounce) can diced tomatoes with green chile peppers (such as RO*TEL®), drained ', '3  green onions, chopped ', '1 tablespoon taco seasoning mix ', '4 ounces crumbled cotija cheese ', '1  jalapeno pepper, thinly sliced ', '1  avocado, sliced (Optional) ', '¼ cup chopped fresh cilantro, or more to taste (Optional) ', '1  lime, cut into wedges (Optional)']
Recipe details: {'Prep Time:': '20 mins', 'Cook Time:': '20 mins', 'Total Time:': '40 mins', 'Servings:': '32'}
Number of reviews: 0
Rating: None
Nutritional facts: {'Calories': '123', 'Fat': '7g', 'Carbs': '8g', 'Protein': '6g'}
Publish date: February 22, 2023
Categories: ['Recipes', 'Bread', 'Yeast Bread Recipes', 'Flat Bread Recipes']

Recipe: Carrot Apple Cake with Cream Cheese Frosting Recipe
Ingredients: ['3 cups all-purpose flour ', '2 teaspoons baking powder ', '2 teaspoons ground cinnamon ', '1 teaspoon ground ginger ', '½ teaspoon baking soda ', '½ teaspoon salt ', '¼ teaspoon ground nutmeg ', '¼ teaspoon ground cloves ', '¼ teaspoon ground allspice ', '¾ cup unsalted butter, softened ', '¼ cup vegetable oil ', '1 cup firmly packed dark brown sugar ', '¾ cup white sugar ', '4 large eggs, at room temperature ', '2 teaspoons vanilla extract ', '1 cup buttermilk, at room temperature ', '1 ½ cups grated carrot ', '1 cup peeled and grated Granny Smith apple ', '¾ cup raisins (Optional) ', '¾ cup chopped pecans (Optional)½ cup unsalted butter, softened ', '12 ounces cream cheese, softened ', "4 ½ cups confectioners' sugar ", '1 ½ teaspoons vanilla extract ', '⅛ teaspoon salt ', '3 tablespoons heavy cream, or as needed']
Recipe details: {'Prep Time:': '1 hrs', 'Cook Time:': '45 mins', 'Cool Time:': '2 hrs', 'Total Time:': '3 hrs 45 mins', 'Servings:': '16'}
Number of reviews: 1
Rating: 2.0
Nutritional facts: {'Calories': '580', 'Fat': '28g', 'Carbs': '78g', 'Protein': '7g'}
Publish date: February 22, 2023
Categories: ['Recipes', 'Desserts', 'Cakes', 'Carrot Cake Recipes']

Recipe: Easy Air Fryer Whole Chicken Recipe
Ingredients: ['2 tablespoons olive oil ', '2 ½ teaspoons Italian seasoning ', '2 ½ teaspoons poultry seasoning ', '2 teaspoons paprika ', '2 teaspoons salt ', '1 (5 pound) whole chicken, giblets removed']
Recipe details: {'Prep Time:': '10 mins', 'Fry Time:': '1 hrs 5 mins', 'Rest Time:': '10 mins', 'Total Time:': '1 hrs 25 mins', 'Servings:': '8'}
Number of reviews: 1
Rating: 5.0
Nutritional facts: {'Calories': '34', 'Fat': '4g', 'Carbs': '1g', 'Protein': '0g'}
Publish date: February 22, 2023
Categories: ['Recipes', 'Meat and Poultry', 'Chicken', 'Whole Chicken Recipes']

Recipe: Croissant French Toast Recipe
Ingredients: ['4 large croissants, halved horizontally, left out overnight ', '3 large eggs ', '½ cup half-and-half ', '1 tablespoon white sugar ', '2 teaspoons vanilla extract ', '½ teaspoon ground cinnamon ', '¼ teaspoon salt ', '1 pinch ground nutmeg ', '2 tablespoons unsalted butter']
Recipe details: {'Prep Time:': '10 mins', 'Cook Time:': '15 mins', 'Rest Time:': '8 hrs', 'Total Time:': '8 hrs 25 mins', 'Servings:': '4'}
Number of reviews: 0
Rating: None
Nutritional facts: {'Calories': '436', 'Fat': '27g', 'Carbs': '36g', 'Protein': '11g'}
Publish date: February 22, 2023
Categories: ['Recipes', 'Breakfast and Brunch', 'French Toast Recipes']

Recipe: Cake Mix Birthday Cake Pancakes Recipe
Ingredients: ['⅓ cup butter, melted and cooled ', '⅔ cup milk ', '2 large eggs ', '1 (15.25 ounce) package cake mix with candy bits (such as Pillsbury® Funfetti®) ', '½ cup whipped cream, or to taste (Optional) ', '2 teaspoons multicolored candy sprinkles, or to taste (Optional)']
Recipe details: {'Prep Time:': '5 mins', 'Cook Time:': '15 mins', 'Total Time:': '20 mins', 'Servings:': '4'}
Number of reviews: 0
Rating: None
Nutritional facts: {'Calories': '622', 'Fat': '28g', 'Carbs': '86g', 'Protein': '9g'}
Publish date: February 22, 2023
Categories: ['Recipes', 'Breakfast and Brunch', 'Pancake Recipes']

Recipe: Grandma's Pumpkin Something Recipe
Ingredients: ['1 cup milk ', '1 cup white sugar ', '3 large eggs ', '1 teaspoon ground cinnamon ', '¼ teaspoon ground ginger ', '⅛ teaspoon ground cloves ', '½ teaspoon salt ', '3 ½ cups pumpkin puree ', '1 (15.25 ounce) package yellow cake mix ', '1 cup chopped pecans ', '¾ cup butter, melted ', '1 cup whipped heavy cream (Optional)']
Recipe details: {'Prep Time:': '10 mins', 'Bake Time:': '1 hrs', 'Total Time:': '1 hrs 10 mins', 'Servings:': '16'}
Number of reviews: 1
Rating: 5.0
Nutritional facts: {'Calories': '333', 'Fat': '19g', 'Carbs': '40g', 'Protein': '4g'}
Publish date: February 22, 2023
Categories: ['Vegetables', 'Squash', 'Winter Squash', 'Pumpkin']

Recipe: Creamy Tuscan Chicken Pasta Recipe
Ingredients: ['3 tablespoons olive oil ', '4  skinless, boneless chicken thighs ', '¾ teaspoon kosher salt ', '¼ teaspoon ground black pepper ', '1 large onion, finely chopped ', '4 cloves garlic, minced ', '½ cup dry white wine ', '½ cup chopped, drained oil-packed sun-dried tomatoes ', '1 cup low-sodium chicken broth ', '1 ½ teaspoons Italian seasoning ', '4 cups fresh baby spinach ', '1 cup freshly grated aged Asiago cheese ', '1 cup heavy cream ', '1 tablespoon freshly squeezed lemon juice ', '1 (16 ounce) package mini farfalle pasta']
Recipe details: {'Prep Time:': '20 mins', 'Cook Time:': '45 mins', 'Total Time:': '1 hrs 5 mins', 'Servings:': '4'}
Number of reviews: 0
Rating: None
Nutritional facts: {'Calories': '948', 'Fat': '44g', 'Carbs': '94g', 'Protein': '43g'}
Publish date: February 22, 2023
Categories: ['Recipes', 'Main Dishes', 'Pasta', 'Chicken']

Recipe: Chicken Broccoli Alfredo Bake Recipe
Ingredients: ['1 ½ cups cottage cheese ', '1 ½ cups evaporated milk ', '3 ½ ounces freshly grated Parmesan cheese ', '¼ teaspoon granulated garlic ', '1 pinch ground white pepper ', '1 tablespoon chopped fresh parsley1 tablespoon butter ', '2 cloves garlic, minced ', '½ teaspoon salt ', '1 pinch freshly ground black pepper ', '3 cups uncooked rotini pasta ', '1 cup chicken broth ', '1 cup chopped broccoli ', '1 (6 ounce) skinless, boneless chicken breast, cubed ', '½ teaspoon Italian seasoning ', '  salt and freshly ground black pepper to taste ', '¼ cup freshly grated Parmesan cheese']
Recipe details: {'Prep Time:': '10 mins', 'Cook Time:': '15 mins', 'Bake Time:': '55 mins', 'Total Time:': '1 hrs 20 mins', 'Servings:': '5'}
Number of reviews: 0
Rating: 4.0
Nutritional facts: {'Calories': '707', 'Fat': '48g', 'Carbs': '47g', 'Protein': '24g'}
Publish date: February 18, 2023
Categories: ['Recipes', 'Main Dishes', 'Casserole Recipes', 'Chicken']

Recipe: Easy Sesame Chicken Recipe
Ingredients: ['½ cup cornstarch ', '1 teaspoon salt ', '½ teaspoon freshly ground black pepper ', '4  skinless, boneless chicken breast halves, cut into bite-sized pieces ', '¼ cup vegetable oil ', '¼ cup honey ', '¼ cup reduced-sodium soy sauce ', '¼ cup rice vinegar ', '1 tablespoon chile-garlic sauce (such as Sriracha®) ', '2 cloves garlic, chopped ', '2 teaspoons minced fresh ginger root ', '2 teaspoons sesame oil ', '2 tablespoons toasted sesame seeds, divided ', '2  green onions, chopped']
Recipe details: {'Prep Time:': '7 mins', 'Cook Time:': '15 mins', 'Total Time:': '22 mins', 'Servings:': '6'}
Number of reviews: 2
Rating: 5.0
Nutritional facts: {'Calories': '293', 'Fat': '13g', 'Carbs': '24g', 'Protein': '20g'}
Publish date: February 18, 2023
Categories: ['Meat and Poultry', 'Chicken', 'Chicken Breast', 'Asian-Style']

Recipe: Chicken Minestrone Soup Recipe
Ingredients: ['4 tablespoons olive oil, divided ', '½ pound skinless, boneless chicken breast, cut into bite-sized pieces ', '1 cup chopped onion ', '2 cloves garlic, minced ', '½ cup sliced carrot ', '½ cup chopped celery ', '5 cups chicken stock ', '1 (14.5 ounce) can diced tomatoes with basil, garlic, and oregano ', '1 (15.5 ounce) can cannellini beans, drained and rinsed ', '1 (15.5 ounce) can kidney beans, drained and rinsed ', '1 (6 ounce) can tomato paste ', '1 small zucchini, quartered lengthwise and cut into 1/2 inch slices ', '½ cup frozen cut green beans ', '1 teaspoon Italian seasoning ', '½ cup ditalini pasta ', '  salt and freshly ground black pepper to taste ', '⅓ cup grated Parmesan cheese, or more to taste (Optional) ', '2 teaspoons chopped fresh parsley']
Recipe details: {'Prep Time:': '20 mins', 'Cook Time:': '35 mins', 'Total Time:': '55 mins', 'Servings:': '8'}
Number of reviews: 0
Rating: None
Nutritional facts: {'Calories': '260', 'Fat': '8g', 'Carbs': '33g', 'Protein': '15g'}
Publish date: February 16, 2023
Categories: ['Soups, Stews and Chili Recipes', 'Soup Recipes', 'Vegetable Soup Recipes', 'Minestrone']

Recipe: Pappardelle Bolognese Recipe
Ingredients: ['1 small onion, cut into 1-inch pieces ', '1 medium carrot, cut into 2-inch pieces ', '1  celery stalk, cut into 2-inch pieces ', '2 tablespoons extra-virgin olive oil ', '2 cloves garlic, minced ', '½ pound ground beef ', '½ pound ground veal ', '½ cup Cabernet Sauvignon wine ', '1 (28 ounce) can crushed tomatoes ', '1 ½ teaspoons dried oregano ', '¾ teaspoon salt ', '¼ teaspoon freshly ground black pepper ', '½ cup milk ', '1 pinch freshly grated nutmeg, or to taste ', '1 (16 ounce) package pappardelle pasta']
Recipe details: {'Prep Time:': '10 mins', 'Cook Time:': '1 hrs 15 mins', 'Total Time:': '1 hrs 25 mins', 'Servings:': '6'}
Number of reviews: 1
Rating: 1.0
Nutritional facts: {'Calories': '576', 'Fat': '19g', 'Carbs': '71g', 'Protein': '27g'}
Publish date: February 16, 2023
Categories: ['Recipes', 'Main Dishes', 'Pasta']

Recipe: Chicageaux Spicy Smokehouse Tots Recipe
Ingredients: ['1 (32 ounce) package frozen bite-size potato nuggets (such as Tater Tots®) ', '3 tablespoons olive oil, divided, or as needed ', '3 tablespoons barbeque seasoning, divided, or to taste ', '4  skinless, boneless chicken thighs ', '4 tablespoons butter ', "2 1/2 cups hot pepper sauce (such as Frank's RedHot®), or to taste ", '1 tablespoon hot honey, or to taste ', '2 cups shredded Mexican-style cheese blend ', '1 cup white Mexican cheese sauce (queso blanco) ', '¼ cup pickled red onions, or to taste ', '1 tablespoon chopped fresh parsley, or to taste']
Recipe details: {'Prep Time:': '15 mins', 'Cook Time:': '30 mins', 'Total Time:': '45 mins', 'Servings:': '6'}
Number of reviews: 0
Rating: None
Nutritional facts: {'Calories': '961', 'Fat': '61g', 'Carbs': '78g', 'Protein': '39g'}
Publish date: 2023
Categories: ['Main Dishes', 'Casserole Recipes', 'Vegetable', 'Tater Tots¨']

Recipe: Mocha Cookie Bars Recipe
Ingredients: ['1 tablespoon instant espresso powder ', '1 tablespoon strong brewed coffee ', '1 cup all-purpose flour ', '¼ cup unsweetened cocoa powder ', '½ teaspoon cream of tartar ', '½ teaspoon baking soda ', '½ teaspoon salt ', '¼ teaspoon ground cinnamon ', '½ cup unsalted butter, softened ', '½ cup white sugar ', '¼ cup firmly packed brown sugar ', '1 large egg, at room temperature ', '2 teaspoons vanilla extract1 tablespoon white sugar ', '½ teaspoon ground cinnamon']
Recipe details: {'Prep Time:': '15 mins', 'Cook Time:': '20 mins', 'Cool Time:': '10 mins', 'Total Time:': '45 mins', 'Servings:': '16', 'Yield:': '16 mocha cookie bars'}
Number of reviews: 1
Rating: 5.0
Nutritional facts: {'Calories': '130', 'Fat': '6g', 'Carbs': '17g', 'Protein': '2g'}
Publish date: February 13, 2023
Categories: ['Recipes', 'Desserts', 'Cookies', 'Bar Cookie Recipes']

Recipe: Chicken Fajita Burrito Recipe
Ingredients: ['10 ounces skinless, boneless chicken breasts, cut into thin strips ', '½  onion, cut into strips ', '5 ounces multi-colored bell pepper strips ', '2 tablespoons vegetable oil ', '½  lime, juiced ', '2 tablespoons fajita seasoning ', '4 (12 inch) flour tortillas ', '1 cup refried beans, warmed ', '⅔ cup shredded Cheddar cheese ', '1 ½ cups cooked Mexican rice ', '¼ cup sour cream ', '⅓ cup guacamole']
Recipe details: {'Prep Time:': '15 mins', 'Cook Time:': '25 mins', 'Marinate Time:': '2 hrs', 'Total Time:': '2 hrs 40 mins', 'Servings:': '4'}
Number of reviews: 0
Rating: None
Nutritional facts: {'Calories': '792', 'Fat': '29g', 'Carbs': '95g', 'Protein': '37g'}
Publish date: February 12, 2023
Categories: ['Latin American', 'Mexican', 'Main Dishes', 'Burrito Recipes']

Recipe: Southwest Chicken Salad Recipe
Ingredients: ['1  avocado - peeled, pitted, and chopped ', '¼ cup sour cream ', '1 tablespoon mayonnaise ', '1 tablespoon water ', '2 tablespoons freshly squeezed lime juice ', '½ (1 ounce) packet ranch dressing mix ', '½ teaspoon salt ', '2 (6 ounce) skinless, boneless chicken breast halves ', '1 tablespoon olive oil ', '1 ½ tablespoons fajita seasoning ', '1 medium ear corn, husk and silk removed ', '1 medium head romaine lettuce, chopped ', '½ cup halved grape tomatoes ', '1 (15 ounce) can black beans, rinsed and drained ', '½ small red onion, sliced into petals']
Recipe details: {'Prep Time:': '10 mins', 'Cook Time:': '20 mins', 'Total Time:': '30 mins', 'Servings:': '2'}
Number of reviews: 0
Rating: None
Nutritional facts: {'Calories': '827', 'Fat': '37g', 'Carbs': '71g', 'Protein': '59g'}
Publish date: February 10, 2023
Categories: ['Recipes', 'BBQ & Grilling', 'Chicken', 'Salads']

Recipe: Toasted Almond and Coconut Cake with White Chocolate Ganache Recipe
Ingredients: ['½ cup white chocolate chips ', '½ cup heavy cream1 cup sweetened flaked coconut ', '¾ cup finely chopped almonds ', '¾ cup unsalted butter ', '1 ½ cups all-purpose flour ', '1 teaspoon baking powder ', '½ teaspoon salt ', '½ teaspoon ground nutmeg ', '¾ cup white sugar ', '¼ cup firmly packed brown sugar ', '2 large eggs, at room temperature ', '1 teaspoon almond extract ', '1 teaspoon vanilla extract ', '1 ¼ cups buttermilk, at room temperature']
Recipe details: {'Prep Time:': '1 hrs', 'Cook Time:': '1 hrs', 'Cool Time:': '30 mins', 'Total Time:': '2 hrs 30 mins', 'Servings:': '16'}
Number of reviews: 0
Rating: 5.0
Nutritional facts: {'Calories': '291', 'Fat': '18g', 'Carbs': '29g', 'Protein': '4g'}
Publish date: February 9, 2023
Categories: ['Recipes', 'Desserts', 'Cakes', 'Coconut Cake Recipes']

Recipe: 5 Minute Baileys Chocolate Mousse Recipe
Ingredients: ['1 cup heavy whipping cream ', '¼ cup Baileys® Irish Cream ', '¼ cup unsweetened cocoa powder ', '¼ cup powdered sugar ', '½ teaspoon vanilla extract ', ' pinch salt']
Recipe details: {'Prep Time:': '5 mins', 'Total Time:': '5 mins', 'Servings:': '4'}
Number of reviews: 1
Rating: 5.0
Nutritional facts: {'Calories': '305', 'Fat': '23g', 'Carbs': '19g', 'Protein': '2g'}
Publish date: January 22, 2023
Categories: ['Recipes', 'Desserts', 'Mousse Recipes', 'Chocolate Mousse Recipes']

Recipe: Lemon Chicken Romano Recipe
Ingredients: ['4  chicken cutlets, about 1/2-inch thick ', '  salt and freshly ground black pepper to taste ', '¼ cup all-purpose flour ', '2 large eggs ', '2 tablespoons water ', '¾ cup Italian-style panko bread crumbs ', '⅓ cup grated Romano cheese ', '2 teaspoons lemon zest ', '½ teaspoon dried oregano ', '½ teaspoon garlic powder ', '  salt and freshly ground black pepper to taste ', '¼ cup olive oil ', '1 tablespoon unsalted butter ', '¾ cup shredded mozzarella cheese ', '2 teaspoons chopped fresh parsley ', '4 large lemon wedges']
Recipe details: {'Prep Time:': '15 mins', 'Cook Time:': '12 mins', 'Total Time:': '27 mins', 'Servings:': '4'}
Number of reviews: 16
Rating: 4.6
Nutritional facts: {'Calories': '541', 'Fat': '30g', 'Carbs': '33g', 'Protein': '41g'}
Publish date: January 12, 2023
Categories: ['Meat and Poultry', 'Chicken', 'Chicken Breast', 'Breaded Chicken']

Recipe: Easy Creamy Chicken Ramen Recipe
Ingredients: ['1 tablespoon unsalted butter ', '2 cloves garlic, minced ', '½ cup chicken broth ', '½ cup whipping cream ', '1 (3 ounce) package ramen noodles (without flavor packet) ', '1 teaspoon reduced-sodium soy sauce ', '¼ cup chopped cooked chicken  ', '  1 pinch everything bagel seasoning (optional)']
Recipe details: {'Prep Time:': '1 mins', 'Total Time:': '1 mins', 'Servings:': '1'}
Number of reviews: 1
Rating: 4.5
Nutritional facts: {'Calories': '958', 'Fat': '73g', 'Carbs': '56g', 'Protein': '21g'}
Publish date: January 11, 2023
Categories: ['Recipes', 'Pasta and Noodles', 'Noodle Recipes', 'Ramen Noodle Recipes']

Recipe: Creamy Gochujang Tortellini Recipe
Ingredients: ['1 (20 ounce) package refrigerated cheese tortellini ', '¼ cup unsalted butter ', '2 tablespoons unsalted butter ', '2 cloves garlic, minced ', '3 tablespoons white miso paste ', '⅓ cup heavy whipping cream ', '4 ounces freshly grated Parmesan cheese ', '2 tablespoons gochujang (Korean hot pepper paste), divided ', '1 cup reserved pasta water']
Recipe details: {'Prep Time:': '5 mins', 'Cook Time:': '10 mins', 'Total Time:': '15 mins', 'Servings:': '5'}
Number of reviews: 1
Rating: 3.0
Nutritional facts: {'Calories': '660', 'Fat': '36g', 'Carbs': '61g', 'Protein': '26g'}
Publish date: January 6, 2023
Categories: ['Recipes', 'Pasta and Noodles', 'Pasta by Shape Recipes', 'Tortellini Recipes']

Recipe: Creamy Veggie Cavatappi Pasta without Cream Recipe
Ingredients: ['tablespoon olive oil ', '1 pound Roma tomatoes ', '2 medium carrots, peeled and cut into 3-inch pieces ', '1  onion, diced ', '1  red bell pepper, cut into strips ', '1  zucchini, sliced ', '7 cloves garlic, peeled ', '1 ½ teaspoons Italian seasoning ', '  salt to taste ', '  red pepper flakes to taste (Optional) ', '1 (16 ounce) package cavatappi pasta ', '⅓ cup shredded Italian cheese blend (Optional)']
Recipe details: {'Prep Time:': '10 mins', 'Cook Time:': '15 mins', 'Total Time:': '25 mins', 'Servings:': '6'}
Number of reviews: 1
Rating: 4.0
Nutritional facts: {'Calories': '317', 'Fat': '2g', 'Carbs': '67g', 'Protein': '11g'}
Publish date: January 5, 2023
Categories: ['Recipes', 'Main Dishes', 'Pasta']

Recipe: Grilled Teriyaki Tofu Bowls
Ingredients: ['1 (16 ounce) package extra firm tofu, drained and pressed ', '⅔ cup teriyaki sauce, divided ', '1 large red bell pepper ', '2 small zucchini ', '½  fresh pineapple, peeled and cored ', '1 large onion ', '¼ cup olive oil ', '  salt and ground black pepper to taste ', '2 cups hot cooked rice ', '1 tablespoon sesame seeds']
Recipe details: {'Prep Time:': '20 mins', 'Cook Time:': '20 mins', 'Total Time:': '40 mins', 'Servings:': '4', 'Yield:': '4 bowls'}
Number of reviews: 2
Rating: 5.0
Nutritional facts: {'Calories': '431', 'Fat': '21g', 'Carbs': '48g', 'Protein': '16g'}
Publish date: May 18, 2021
Categories: ['Recipes', 'Main Dishes', 'Bowls']

Recipe: Grilled Bone-In Chicken Breast with Chimichurri Recipe
Ingredients: ['5 cloves garlic ', '1 cup chopped fresh cilantro ', '½ cup chopped fresh flat-leaf parsley ', '1 tablespoon chopped fresh oregano ', '1 teaspoon salt ', '½ cup olive oil ', '2 tablespoons red wine vinegar ', '1 tablespoon lime juice ', '4 (6 ounce) bone-in chicken breast halves ', '1 tablespoon herb rub with salt']
Recipe details: {'Prep Time:': '15 mins', 'Cook Time:': '20 mins', 'Total Time:': '35 mins', 'Servings:': '4', 'Yield:': '4 servings'}
Number of reviews: 1
Rating: 5.0
Nutritional facts: {'Calories': '481', 'Fat': '36g', 'Carbs': '4g', 'Protein': '35g'}
Publish date: May 23, 2021
Categories: ['Recipes', 'BBQ & Grilling', 'Chicken']

Recipe: Sparkling Cherry Lemonade Recipe
Ingredients: ['2 ½ cups pitted and halved cherries ', '⅔ cup freshly squeezed lemon juice ', '½ cup sugar, or to taste ', '2 cups water ', '1 cup lemon-lime soda ', '  ice as needed ', '  cherries and lemon slices for garnish (optional)']
Recipe details: {'Prep Time:': '10 mins', 'Total Time:': '10 mins', 'Servings:': '4'}
Number of reviews: 0
Rating: None
Nutritional facts: {'Calories': '198', 'Fat': '1g', 'Carbs': '50g', 'Protein': '1g'}
Publish date: June 16, 2022
Categories: ['Recipes', 'Drinks Recipes', 'Lemonade Recipes']

Recipe: Sole Oreganata Recipe
Ingredients: ['3 tablespoons dry bread crumbs ', '3 tablespoons panko bread crumbs ', '2 tablespoons freshly grated Parmesan cheese ', '¼ teaspoon dried oregano ', '1 pinch salt ', '2 tablespoons butter, melted ', '2 (5 ounce) sole fillets1 tablespoon butter ', '¼ cup whipping cream ', '2 tablespoons Pinot Grigio wine ', '½ teaspoon lemon juice ', '1 pinch ground white pepper']
Recipe details: {'Prep Time:': '10 mins', 'Cook Time:': '15 mins', 'Total Time:': '25 mins', 'Servings:': '2', 'Yield:': '2 servings'}
Number of reviews: 1
Rating: 5.0
Nutritional facts: {'Calories': '485', 'Fat': '32g', 'Carbs': '16g', 'Protein': '32g'}
Publish date: March 3, 2022
Categories: ['Recipes', 'Seafood', 'Fish']

Recipe: Air Fryer Lava Cakes Recipe
Ingredients: ['⅓ cup semisweet chocolate chips  ', '¼ cup unsalted butter ', '½ cup powdered sugar ', '1 large egg ', '1 large egg yolk ', '½ teaspoon vanilla extract ', '⅛ teaspoon salt ', '3 tablespoons all-purpose flour']
Recipe details: {'Prep Time:': '5 mins', 'Cook Time:': '15 mins', 'Additional Time:': '5 mins', 'Total Time:': '25 mins', 'Servings:': '2'}
Number of reviews: 5
Rating: 5.0
Nutritional facts: {'Calories': '456', 'Fat': '29g', 'Carbs': '43g', 'Protein': '6g'}
Publish date: December 15, 2020
Categories: ['Recipes', 'Desserts', 'Chocolate Dessert Recipes']

Recipe: Broccoli-Cheddar Frittata
Ingredients: ['7 large eggs ', '¼ cup heavy cream ', '1 teaspoon smoked paprika ', '  salt and freshly ground black pepper to taste ', '2 tablespoons unsalted butter ', '½ cup chopped onion ', '1 ½ cups chopped fresh broccoli ', '1 cup frozen diced hash brown potatoes, thawed ', '1 cup shredded Cheddar cheese ', '4 slices bacon, cooked and crumbled']
Recipe details: {'Prep Time:': '15 mins', 'Cook Time:': '15 mins', 'Additional Time:': '10 mins', 'Total Time:': '40 mins', 'Servings:': '8', 'Yield:': '8 servings'}
Number of reviews: 2
Rating: 5.0
Nutritional facts: {'Calories': '179', 'Fat': '15g', 'Carbs': '6g', 'Protein': '8g'}
Publish date: October 3, 2020
Categories: ['Recipes', 'Breakfast and Brunch', 'Eggs', 'Frittata Recipes']

Recipe: Blueberry Cream Cheese Wontons Recipe
Ingredients: ['½ (8 ounce) package cream cheese ', '48  wonton wrappers ', '1 cup blueberry pie filling ', '  water as needed ', '  cooking spray ', '¼ cup powdered sugar']
Recipe details: {'Prep Time:': '30 mins', 'Cook Time:': '5 mins', 'Total Time:': '35 mins', 'Servings:': '48', 'Yield:': '48 wontons'}
Number of reviews: 0
Rating: None
Nutritional facts: {'Calories': '44', 'Fat': '1g', 'Carbs': '8g', 'Protein': '1g'}
Publish date: September 6, 2022
Categories: ['Recipes', 'Desserts', 'Fruit Desserts', 'Blueberry Dessert Recipes']

Recipe: Cranberry-Orange Bundt® Cake
Ingredients: ['1 tablespoon vegetable shortening, melted ', '2 tablespoons cake flour ', '1 medium orange  ', '½ cup fresh cranberries ', '⅔ cup white sugar ', '¼ cup butter, softened ', '1 large egg ', '¼ teaspoon almond extract ', '1 ¼ cups cake flour ', '½ teaspoon baking soda ', '¼ teaspoon salt ', '¼ cup buttermilk¼ cup fresh cranberries ', '5 tablespoons sugar, divided ', '3 tablespoons water½ cup powdered sugar ', '1 tablespoon orange juice ', '1 teaspoon grated orange zest']
Recipe details: {'Prep Time:': '20 mins', 'Cook Time:': '35 mins', 'Additional Time:': '20 mins', 'Total Time:': '1 hrs 15 mins', 'Servings:': '4', 'Yield:': '4 servings'}
Number of reviews: 0
Rating: None
Nutritional facts: {'Calories': '614', 'Fat': '17g', 'Carbs': '112g', 'Protein': '7g'}
Publish date: October 31, 2020
Categories: ['Recipes', 'Desserts', 'Cakes', 'Bundt Cake Recipes']

Recipe: Air Fryer Apple Bombs
Ingredients: ['¼ cup white sugar ', '½ teaspoon ground cinnamon ', '1 ¼ cups peeled, cored, and chopped apples ', '1 (16.3 ounce) package refrigerated biscuit dough (such as Pillsbury Grands!®) ', '  avocado oil cooking spray']
Recipe details: {'Prep Time:': '15 mins', 'Cook Time:': '10 mins', 'Total Time:': '25 mins', 'Servings:': '16', 'Yield:': '16 apple bombs'}
Number of reviews: 0
Rating: None
Nutritional facts: {'Calories': '109', 'Fat': '4g', 'Carbs': '17g', 'Protein': '2g'}
Publish date: December 4, 2020
Categories: ['Recipes']

Recipe: Sheet Pan Chicken Fajita Quesadillas Recipe
Ingredients: ['1 tablespoon olive oil ', '1  onion, chopped ', '1  green bell pepper, chopped ', '1  red bell pepper, chopped ', '1 pound skinless, boneless chicken breast, chopped ', '2 tablespoons water ', '1 (1.12 ounce) package fajita seasoning mix ', '8  flour tortillas ', '2 cups shredded Mexican cheese blend ', '4 tablespoons sour cream, for serving ', '4 tablespoons pico de gallo, or to taste ', '2 tablespoons chopped fresh cilantro, for garnish']
Recipe details: {'Prep Time:': '10 mins', 'Cook Time:': '30 mins', 'Total Time:': '40 mins', 'Servings:': '8'}
Number of reviews: 1
Rating: 5.0
Nutritional facts: {'Calories': '407', 'Fat': '18g', 'Carbs': '35g', 'Protein': '26g'}
Publish date: October 12, 2022
Categories: ['Latin American', 'Mexican', 'Main Dishes', 'Quesadilla Recipes']

Recipe: Chocolate Beet Cake with Beet-Vanilla Glaze Recipe
Ingredients: ['baking spray with flour ', '1 ¾ cups all-purpose flour ', '1 cup unsweetened cocoa powder ', '2 teaspoons baking soda ', '1 teaspoon baking powder ', '½ teaspoon salt ', '4 large eggs, separated, at room temperature ', '1 cup firmly packed brown sugar ', '1 cup white sugar ', '½ cup unsalted butter, at room temperature ', '¼ cup vegetable oil ', '1 ¼ cups pureed cooked beets ', '1 tablespoon vanilla extract ', '1 cup buttermilk, at room temperature ', '1 ½ cups chocolate chips1 cup powdered sugar ', '2 tablespoons heavy cream ', '2 teaspoons pureed cooked beets ', '1 teaspoon vanilla extract ', '1 pinch salt']
Recipe details: {'Prep Time:': '30 mins', 'Cook Time:': '55 mins', 'Cool Time:': '1 hrs', 'Total Time:': '2 hrs 25 mins', 'Servings:': '12'}
Number of reviews: 0
Rating: None
Nutritional facts: {'Calories': '518', 'Fat': '23g', 'Carbs': '79g', 'Protein': '7g'}
Publish date: September 20, 2022
Categories: ['Recipes', 'Desserts', 'Cakes', 'Chocolate Cake Recipes']

Recipe: Chorizo-Stuffed Poblano Peppers Recipe
Ingredients: ['1 pound chorizo sausage ', '1 medium onion, chopped ', '1 cup canned black beans ', '1 cup frozen corn ', '6 leaves fresh basil, chopped ', '  nonstick cooking spray ', '4 medium poblano peppers, halved lengthwise and seeded ', '¼ cup shredded Cheddar cheese, or to taste']
Recipe details: {'Prep Time:': '10 mins', 'Cook Time:': '25 mins', 'Total Time:': '35 mins', 'Servings:': '4', 'Yield:': '4 servings'}
Number of reviews: 0
Rating: None
Nutritional facts: {'Calories': '562', 'Fat': '38g', 'Carbs': '25g', 'Protein': '30g'}
Publish date: August 30, 2021
Categories: ['Fruits and Vegetables', 'Vegetables', 'Chile Peppers', 'Poblano']

Recipe: Perfect Poached Egg
Ingredients: ['1 large egg ', '1 tablespoon white vinegar']
Recipe details: {'Prep Time:': '5 mins', 'Cook Time:': '5 mins', 'Total Time:': '10 mins', 'Servings:': '1', 'Yield:': '1 poached egg'}
Number of reviews: 0
Rating: None
Nutritional facts: {'Calories': '72', 'Fat': '5g', 'Carbs': '0g', 'Protein': '6g'}
Publish date: July 4, 2021
Categories: ['Recipes', 'Breakfast and Brunch', 'Eggs']

Recipe: Clam Pizza with Red Sauce
Ingredients: ['2 tablespoons olive oil, divided ', '⅓ cup chopped onion ', '3 cloves garlic, chopped ', '1 (6 ounce) can tomato paste ', '1 (15 ounce) can crushed tomatoes ', '½ teaspoon oregano, or to taste ', '  salt and freshly ground black pepper to taste ', '1 (12 inch) premade thin pizza crust ', '1 tablespoon olive oil ', '½ cup grated Parmesan cheese, divided, or to taste ', '½ cup shredded Italian cheese blend, or more to taste, divided ', '1 (6.5 ounce) can chopped clams, drained ', '½ cup chopped sun-dried tomatoes ', '⅓ cup pineapple tidbits, drained ', '1 tablespoon chopped fresh basil, or to taste']
Recipe details: {'Prep Time:': '15 mins', 'Cook Time:': '30 mins', 'Total Time:': '45 mins', 'Servings:': '2', 'Yield:': '2 servings'}
Number of reviews: 0
Rating: None
Nutritional facts: {'Calories': '1092', 'Fat': '42g', 'Carbs': '124g', 'Protein': '60g'}
Publish date: June 8, 2021
Categories: ['Recipes', 'Main Dishes', 'Pizza Recipes']

Recipe: Blended Baked Oats Recipe
Ingredients: ['cooking spray ', '1 cup rolled oats ', '1 large ripe banana ', '1 large egg ', '1 teaspoon baking powder ', '⅛ teaspoon salt ', '½ cup almond milk ', '2 tablespoons maple syrup (or sweetener of your choice) ', '1 teaspoon vanilla ', '½ teaspoon ground cinnamon ', '¼ cup fresh blueberries']
Recipe details: {'Prep Time:': '5 mins', 'Cook Time:': '25 mins', 'Total Time:': '30 mins', 'Servings:': '2', 'Yield:': '2 servings'}
Number of reviews: 15
Rating: 4.5
Nutritional facts: {'Calories': '337', 'Fat': '6g', 'Carbs': '63g', 'Protein': '10g'}
Publish date: March 16, 2021
Categories: ['Recipes', 'Breakfast and Brunch', 'Cereals', 'Oatmeal Recipes']

Recipe: Four Ingredient White Cake
Ingredients: ['1 ¾ cups self-rising flour ', '¾ cup  vanilla-infused sugar ', '⅓ cup vegetable oil ', '1 cup carbonated water ', '  frosting of your choice (optional)']
Recipe details: {'Prep Time:': '10 mins', 'Cook Time:': '35 mins', 'Total Time:': '45 mins', 'Servings:': '9', 'Yield:': '1 8x8-inch cake'}
Number of reviews: 1
Rating: 4.0
Nutritional facts: {'Calories': '221', 'Fat': '8g', 'Carbs': '35g', 'Protein': '2g'}
Publish date: October 13, 2022
Categories: ['Recipes', 'Desserts', 'Cakes', 'White Cake Recipes']

Recipe: Air Fryer Orange-Cranberry Butternut Squash with Ginger
Ingredients: ['1 sheet heavy-duty aluminum foil ', '2 pounds butternut squash, peeled and seeded ', '½ cup fresh cranberries, rinsed and dried ', '½ cup orange juice ', '¼ cup honey ', '¼ cup melted butter ', '2 tablespoons grated fresh ginger  ', '½ teaspoon salt, or to taste ', '⅛ teaspoon ground white pepper, or to taste ', '½ small orange, sliced ', '1 tablespoon chopped fresh parsley, or to taste']
Recipe details: {'Prep Time:': '15 mins', 'Cook Time:': '30 mins', 'Total Time:': '45 mins', 'Servings:': '6', 'Yield:': '6 servings'}
Number of reviews: 0
Rating: None
Nutritional facts: {'Calories': '197', 'Fat': '8g', 'Carbs': '34g', 'Protein': '2g'}
Publish date: November 10, 2020
Categories: ['Vegetables', 'Squash', 'Winter Squash', 'Butternut Squash']

Recipe: Peppermint Coffee Creamer
Ingredients: ['¾ cup milk ', '¼ cup heavy whipping cream ', '2 tablespoons stevia powder, or to taste ', '1 teaspoon vanilla extract ', '½ teaspoon peppermint extract, or more to taste']
Recipe details: {'Prep Time:': '5 mins', 'Cook Time:': '5 mins', 'Total Time:': '10 mins', 'Servings:': '8', 'Yield:': '8 servings'}
Number of reviews: 0
Rating: None
Nutritional facts: {'Calories': '42', 'Fat': '3g', 'Carbs': '4g', 'Protein': '1g'}
Publish date: December 20, 2020
Categories: ['Recipes', 'Drinks Recipes', 'Coffee Drinks Recipes', 'Creamer']

Recipe: Butternut Squash Gnocchi with Garlic-Sage Butter over Wilted Spinach
Ingredients: ['1 cup water ', '1 pound butternut squash, peeled and cut into 1/2-inch cubes ', '½ pound Yukon Gold potatoes, peeled and cut into 1-inch cubes ', '1 large egg ', '2 teaspoons salt ', '2 cups all-purpose flour, plus more as needed ', '2 bunches fresh spinach, rinsed and chopped ', '4 tablespoons salted butter ', '2 tablespoons extra-virgin olive oil ', '¼ cup chopped fresh sage ', '4 cloves garlic, minced ', '½ teaspoon crushed red pepper ', '¼ cup freshly grated Parmigiano-Reggiano cheese']
Recipe details: {'Prep Time:': '35 mins', 'Cook Time:': '35 mins', 'Additional Time:': '10 mins', 'Total Time:': '1 hrs 20 mins', 'Servings:': '4', 'Yield:': '4 servings'}
Number of reviews: 1
Rating: 1.0
Nutritional facts: {'Calories': '572', 'Fat': '23g', 'Carbs': '79g', 'Protein': '18g'}
Publish date: November 15, 2020
Categories: ['Recipes', 'Pasta and Noodles', 'Pasta by Shape Recipes', 'Gnocchi Recipes']

Recipe: Easy Ham and Cheese Breakfast Casserole
Ingredients: ['nonstick cooking spray ', '2 cups milk ', '8 large eggs ', '½ teaspoon salt ', '8 cups cubed bread ', '4 ounces diced country ham ', '1 ½ cups shredded Cheddar cheese, divided ', '½ teaspoon ground black pepper']
Recipe details: {'Prep Time:': '15 mins', 'Cook Time:': '40 mins', 'Additional Time:': '10 mins', 'Total Time:': '1 hrs 5 mins', 'Servings:': '6', 'Yield:': '6 servings'}
Number of reviews: 1
Rating: 5.0
Nutritional facts: {'Calories': '481', 'Fat': '25g', 'Carbs': '35g', 'Protein': '28g'}
Publish date: June 18, 2021
Categories: ['Recipes', 'Breakfast and Brunch', 'Breakfast Casserole Recipes']

Recipe: Air Fryer Apple Crisp with Oatmeal Streusel
Ingredients: ['2 ½ cups peeled, cored, and diced apples ', '¼ cup brown sugar ', '1 tablespoon salted butter, melted ', '1 teaspoon vanilla extract ', '1 teaspoon ground cinnamon ', '⅛ teaspoon ground nutmeg ', '⅛ teaspoon salt ', '  cooking spray¼ cup quick-cooking oats ', '¼ cup all-purpose flour ', '¼ cup brown sugar ', '¼ cup salted butter, cubed ', '¼ teaspoon ground cinnamon ', '⅛ teaspoon salt']
Recipe details: {'Prep Time:': '15 mins', 'Cook Time:': '25 mins', 'Total Time:': '40 mins', 'Servings:': '4', 'Yield:': '4 mini apple crisps'}
Number of reviews: 2
Rating: 5.0
Nutritional facts: {'Calories': '325', 'Fat': '15g', 'Carbs': '48g', 'Protein': '2g'}
Publish date: October 11, 2020
Categories: ['Recipes', 'Desserts', 'Crisps and Crumbles Recipes', 'Apple Crisps and Crumbles Recipes']

Recipe: Air Fryer Spaghetti Squash
Ingredients: ['1 (3 pound) spaghetti squash ', '1 teaspoon olive oil ', '¼ teaspoon sea salt ', '⅛ teaspoon ground black pepper ', '⅛ teaspoon smoked paprika']
Recipe details: {'Prep Time:': '5 mins', 'Cook Time:': '25 mins', 'Total Time:': '30 mins', 'Servings:': '2', 'Yield:': '2 servings'}
Number of reviews: 5
Rating: 4.3
Nutritional facts: {'Calories': '233', 'Fat': '6g', 'Carbs': '47g', 'Protein': '4g'}
Publish date: December 6, 2020
Categories: ['Recipes', 'Side Dish', 'Vegetables', 'Squash']
